<?xml version="1.0" encoding="utf-8"?>
<CoverageSession xmlns:xsd="http://www.w3.org/2001/XMLSchema" xmlns:xsi="http://www.w3.org/2001/XMLSchema-instance">
  <Summary numSequencePoints="305" visitedSequencePoints="217" numBranchPoints="108" visitedBranchPoints="68" sequenceCoverage="71.15" branchCoverage="62.96" maxCyclomaticComplexity="6" minCyclomaticComplexity="0" visitedClasses="33" numClasses="39" visitedMethods="63" numMethods="92" />
  <Modules>
    <Module skippedDueTo="Filter" hash="9E-8A-E3-82-1B-DC-B9-5E-6E-B3-DB-A2-88-EF-8C-25-74-82-D4-FC">
      <ModulePath>C:\Program Files\dotnet\shared\Microsoft.NETCore.App\5.0.1\System.Private.CoreLib.dll</ModulePath>
      <ModuleTime>2020-11-26T05:19:10Z</ModuleTime>
      <ModuleName>System.Private.CoreLib</ModuleName>
      <Classes />
    </Module>
    <Module skippedDueTo="MissingPdb" hash="D6-8B-D5-04-BB-42-04-4D-5B-32-EC-42-AE-E0-D7-D7-E9-3C-24-0B">
      <ModulePath>C:\Program Files\dotnet\sdk\5.0.101\dotnet.dll</ModulePath>
      <ModuleTime>2020-12-02T04:51:20Z</ModuleTime>
      <ModuleName>dotnet</ModuleName>
      <Classes />
    </Module>
    <Module skippedDueTo="Filter" hash="2C-27-F2-9A-19-38-D9-2E-A0-A6-75-F0-5B-49-8C-E5-CB-FA-EE-5D">
      <ModulePath>C:\Program Files\dotnet\shared\Microsoft.NETCore.App\5.0.1\System.Runtime.dll</ModulePath>
      <ModuleTime>2020-11-26T05:22:38Z</ModuleTime>
      <ModuleName>System.Runtime</ModuleName>
      <Classes />
    </Module>
    <Module skippedDueTo="MissingPdb" hash="1D-29-1D-09-07-54-12-D6-0E-C5-87-06-A4-C2-14-E2-2D-B9-E4-EE">
      <ModulePath>C:\Program Files\dotnet\sdk\5.0.101\Microsoft.DotNet.Cli.Utils.dll</ModulePath>
      <ModuleTime>2020-12-02T04:51:24Z</ModuleTime>
      <ModuleName>Microsoft.DotNet.Cli.Utils</ModuleName>
      <Classes />
    </Module>
    <Module skippedDueTo="Filter" hash="B0-4D-D5-E8-70-6D-7B-2B-FB-7E-E8-23-59-47-98-3A-DA-F8-17-AF">
      <ModulePath>C:\Program Files\dotnet\shared\Microsoft.NETCore.App\5.0.1\System.Runtime.Loader.dll</ModulePath>
      <ModuleTime>2020-11-26T05:22:38Z</ModuleTime>
      <ModuleName>System.Runtime.Loader</ModuleName>
      <Classes />
    </Module>
    <Module skippedDueTo="Filter" hash="BA-F4-ED-D7-13-C8-55-40-22-7B-A8-6E-36-DD-E1-0C-CE-64-D4-2E">
      <ModulePath>C:\Program Files\dotnet\shared\Microsoft.NETCore.App\5.0.1\System.Runtime.InteropServices.RuntimeInformation.dll</ModulePath>
      <ModuleTime>2020-11-26T05:23:24Z</ModuleTime>
      <ModuleName>System.Runtime.InteropServices.RuntimeInformation</ModuleName>
      <Classes />
    </Module>
    <Module skippedDueTo="Filter" hash="EF-75-C6-B7-D8-E4-F9-36-A6-E5-11-A8-9B-87-B4-B2-20-76-2F-E1">
      <ModulePath>C:\Program Files\dotnet\shared\Microsoft.NETCore.App\5.0.1\System.IO.FileSystem.dll</ModulePath>
      <ModuleTime>2020-11-26T05:23:08Z</ModuleTime>
      <ModuleName>System.IO.FileSystem</ModuleName>
      <Classes />
    </Module>
    <Module skippedDueTo="Filter" hash="38-CE-15-CF-27-7A-FC-59-85-86-C7-94-CD-07-2F-85-73-24-05-29">
      <ModulePath>C:\Program Files\dotnet\shared\Microsoft.NETCore.App\5.0.1\System.Runtime.InteropServices.dll</ModulePath>
      <ModuleTime>2020-11-26T05:22:38Z</ModuleTime>
      <ModuleName>System.Runtime.InteropServices</ModuleName>
      <Classes />
    </Module>
    <Module skippedDueTo="Filter" hash="CC-1E-3F-5D-55-55-4D-9F-E5-9B-55-4B-E6-35-5C-A0-C8-97-3B-22">
      <ModulePath>C:\Program Files\dotnet\shared\Microsoft.NETCore.App\5.0.1\System.Memory.dll</ModulePath>
      <ModuleTime>2020-11-26T05:24:08Z</ModuleTime>
      <ModuleName>System.Memory</ModuleName>
      <Classes />
    </Module>
    <Module skippedDueTo="Filter" hash="CB-81-6B-86-6D-D6-EB-F8-13-08-10-2C-9C-43-A5-81-6E-46-6A-22">
      <ModulePath>C:\Program Files\dotnet\shared\Microsoft.NETCore.App\5.0.1\System.Text.Encoding.CodePages.dll</ModulePath>
      <ModuleTime>2020-11-26T05:23:24Z</ModuleTime>
      <ModuleName>System.Text.Encoding.CodePages</ModuleName>
      <Classes />
    </Module>
    <Module skippedDueTo="Filter" hash="24-5D-A5-72-4B-33-83-A9-79-8D-1B-E4-99-E0-73-AC-22-ED-61-AE">
      <ModulePath>C:\Program Files\dotnet\shared\Microsoft.NETCore.App\5.0.1\System.Collections.dll</ModulePath>
      <ModuleTime>2020-11-26T05:23:30Z</ModuleTime>
      <ModuleName>System.Collections</ModuleName>
      <Classes />
    </Module>
    <Module skippedDueTo="Filter" hash="98-F3-6B-70-C7-F7-3C-86-E9-35-6E-24-62-E9-07-F7-4D-FB-46-37">
      <ModulePath>C:\Program Files\dotnet\shared\Microsoft.NETCore.App\5.0.1\System.Threading.dll</ModulePath>
      <ModuleTime>2020-11-26T05:22:40Z</ModuleTime>
      <ModuleName>System.Threading</ModuleName>
      <Classes />
    </Module>
    <Module skippedDueTo="Filter" hash="C5-4E-0B-D5-3C-85-C7-AB-12-CB-9C-34-80-EF-51-87-86-38-25-BD">
      <ModulePath>C:\Program Files\dotnet\shared\Microsoft.NETCore.App\5.0.1\System.Collections.Concurrent.dll</ModulePath>
      <ModuleTime>2020-11-26T05:23:04Z</ModuleTime>
      <ModuleName>System.Collections.Concurrent</ModuleName>
      <Classes />
    </Module>
    <Module skippedDueTo="Filter" hash="17-AA-F2-B7-5D-DC-63-65-32-5B-7B-20-82-36-48-12-EA-CE-34-13">
      <ModulePath>C:\Program Files\dotnet\shared\Microsoft.NETCore.App\5.0.1\System.Threading.Thread.dll</ModulePath>
      <ModuleTime>2020-11-26T05:23:26Z</ModuleTime>
      <ModuleName>System.Threading.Thread</ModuleName>
      <Classes />
    </Module>
    <Module skippedDueTo="MissingPdb" hash="3E-99-1D-D9-E5-76-F9-C7-6D-AD-E4-DB-0B-00-A0-F5-AB-B8-AA-9A">
      <ModulePath>C:\Program Files\dotnet\sdk\5.0.101\Microsoft.DotNet.Configurer.dll</ModulePath>
      <ModuleTime>2020-12-02T04:51:26Z</ModuleTime>
      <ModuleName>Microsoft.DotNet.Configurer</ModuleName>
      <Classes />
    </Module>
    <Module skippedDueTo="MissingPdb" hash="A6-AD-FE-FD-85-77-D7-E3-A9-3A-35-FD-E8-B4-BA-D7-8F-D0-60-21">
      <ModulePath>C:\Program Files\dotnet\sdk\5.0.101\Microsoft.DotNet.Cli.CommandLine.dll</ModulePath>
      <ModuleTime>2020-12-02T04:51:24Z</ModuleTime>
      <ModuleName>Microsoft.DotNet.Cli.CommandLine</ModuleName>
      <Classes />
    </Module>
    <Module skippedDueTo="MissingPdb" hash="23-62-35-3A-7F-B6-9B-18-29-AD-08-E5-03-6E-32-00-67-7F-DC-7F">
      <ModulePath>C:\Program Files\dotnet\sdk\5.0.101\Microsoft.DotNet.InternalAbstractions.dll</ModulePath>
      <ModuleTime>2020-12-02T04:51:24Z</ModuleTime>
      <ModuleName>Microsoft.DotNet.InternalAbstractions</ModuleName>
      <Classes />
    </Module>
    <Module skippedDueTo="MissingPdb" hash="91-93-E6-A4-B3-80-5C-69-16-36-A2-70-9A-20-D8-93-A8-8C-0B-85">
      <ModulePath>C:\Program Files\dotnet\shared\Microsoft.NETCore.App\5.0.1\netstandard.dll</ModulePath>
      <ModuleTime>2020-11-26T05:23:04Z</ModuleTime>
      <ModuleName>netstandard</ModuleName>
      <Classes />
    </Module>
    <Module skippedDueTo="Filter" hash="8C-24-21-2C-83-C8-21-70-14-70-D5-BB-EE-B7-B7-AF-C2-6D-77-94">
      <ModulePath>C:\Program Files\dotnet\shared\Microsoft.NETCore.App\5.0.1\System.Linq.dll</ModulePath>
      <ModuleTime>2020-11-26T05:23:10Z</ModuleTime>
      <ModuleName>System.Linq</ModuleName>
      <Classes />
    </Module>
    <Module skippedDueTo="MissingPdb" hash="15-6E-FB-96-28-7A-E7-F6-2E-2D-2A-98-4A-41-60-B6-06-87-98-05">
      <ModulePath>C:\Program Files\dotnet\sdk\5.0.101\NuGet.Frameworks.dll</ModulePath>
      <ModuleTime>2020-12-02T04:50:46Z</ModuleTime>
      <ModuleName>NuGet.Frameworks</ModuleName>
      <Classes />
    </Module>
    <Module skippedDueTo="Filter" hash="32-37-51-CE-0E-37-4D-DC-D7-AA-46-FD-E0-C7-47-8D-52-CA-79-B5">
      <ModulePath>C:\Program Files\dotnet\shared\Microsoft.NETCore.App\5.0.1\System.Console.dll</ModulePath>
      <ModuleTime>2020-11-26T05:23:30Z</ModuleTime>
      <ModuleName>System.Console</ModuleName>
      <Classes />
    </Module>
    <Module skippedDueTo="Filter" hash="75-4F-E4-13-98-8D-96-14-98-33-4F-45-50-32-07-65-7E-61-3F-A3">
      <ModulePath>C:\Program Files\dotnet\shared\Microsoft.NETCore.App\5.0.1\System.Text.Encoding.Extensions.dll</ModulePath>
      <ModuleTime>2020-11-26T05:22:40Z</ModuleTime>
      <ModuleName>System.Text.Encoding.Extensions</ModuleName>
      <Classes />
    </Module>
    <Module skippedDueTo="Filter" hash="BD-A6-92-D1-ED-52-48-B3-CF-20-51-08-01-75-29-3C-38-40-F9-A5">
      <ModulePath>C:\Program Files\dotnet\shared\Microsoft.NETCore.App\5.0.1\System.Runtime.CompilerServices.Unsafe.dll</ModulePath>
      <ModuleTime>2020-11-26T05:23:22Z</ModuleTime>
      <ModuleName>System.Runtime.CompilerServices.Unsafe</ModuleName>
      <Classes />
    </Module>
    <Module skippedDueTo="MissingPdb" hash="EB-F1-43-93-AC-91-85-41-D3-55-41-72-57-9E-2A-A0-F6-A0-20-59">
      <ModulePath>C:\Program Files\dotnet\sdk\5.0.101\Microsoft.ApplicationInsights.dll</ModulePath>
      <ModuleTime>2020-12-02T04:51:22Z</ModuleTime>
      <ModuleName>Microsoft.ApplicationInsights</ModuleName>
      <Classes />
    </Module>
    <Module skippedDueTo="Filter" hash="4A-69-5E-AC-08-79-87-90-FC-09-D7-64-A3-91-97-34-30-02-0A-2D">
      <ModulePath>C:\Program Files\dotnet\shared\Microsoft.NETCore.App\5.0.1\System.Private.Uri.dll</ModulePath>
      <ModuleTime>2020-11-26T05:23:52Z</ModuleTime>
      <ModuleName>System.Private.Uri</ModuleName>
      <Classes />
    </Module>
    <Module skippedDueTo="Filter" hash="BB-D6-6D-22-01-D0-E0-82-9E-12-87-1F-83-21-8A-05-AC-57-11-37">
      <ModulePath>C:\Program Files\dotnet\shared\Microsoft.NETCore.App\5.0.1\System.Reflection.Extensions.dll</ModulePath>
      <ModuleTime>2020-11-26T05:22:38Z</ModuleTime>
      <ModuleName>System.Reflection.Extensions</ModuleName>
      <Classes />
    </Module>
    <Module skippedDueTo="Filter" hash="C3-E0-36-A0-84-F9-30-F6-E1-BA-FC-F8-18-3F-0D-0C-2E-87-E6-DD">
      <ModulePath>C:\Program Files\dotnet\shared\Microsoft.NETCore.App\5.0.1\System.Reflection.dll</ModulePath>
      <ModuleTime>2020-11-26T05:22:36Z</ModuleTime>
      <ModuleName>System.Reflection</ModuleName>
      <Classes />
    </Module>
    <Module skippedDueTo="Filter" hash="4B-29-4B-CF-A7-B0-3A-61-31-1F-70-E1-92-A3-5C-5E-35-1C-0E-64">
      <ModulePath>C:\Program Files\dotnet\shared\Microsoft.NETCore.App\5.0.1\System.Xml.XDocument.dll</ModulePath>
      <ModuleTime>2020-11-26T05:23:34Z</ModuleTime>
      <ModuleName>System.Xml.XDocument</ModuleName>
      <Classes />
    </Module>
    <Module skippedDueTo="Filter" hash="66-D6-34-02-FC-A1-86-87-39-74-2C-79-38-E9-94-7F-C9-FC-AF-7E">
      <ModulePath>C:\Program Files\dotnet\shared\Microsoft.NETCore.App\5.0.1\System.Private.Xml.Linq.dll</ModulePath>
      <ModuleTime>2020-11-26T05:25:10Z</ModuleTime>
      <ModuleName>System.Private.Xml.Linq</ModuleName>
      <Classes />
    </Module>
    <Module skippedDueTo="Filter" hash="F1-04-9B-64-B1-3E-7A-8A-88-58-C7-90-97-BD-7D-28-95-97-D6-81">
      <ModulePath>C:\Program Files\dotnet\shared\Microsoft.NETCore.App\5.0.1\System.Security.Cryptography.Algorithms.dll</ModulePath>
      <ModuleTime>2020-11-26T05:23:24Z</ModuleTime>
      <ModuleName>System.Security.Cryptography.Algorithms</ModuleName>
      <Classes />
    </Module>
    <Module skippedDueTo="Filter" hash="51-9A-D2-B4-1A-12-EE-FC-97-06-15-08-BB-0C-70-97-C6-78-DD-89">
      <ModulePath>C:\Program Files\dotnet\shared\Microsoft.NETCore.App\5.0.1\System.Security.Cryptography.Primitives.dll</ModulePath>
      <ModuleTime>2020-11-26T05:28:48Z</ModuleTime>
      <ModuleName>System.Security.Cryptography.Primitives</ModuleName>
      <Classes />
    </Module>
    <Module skippedDueTo="Filter" hash="D4-19-2C-16-7A-E6-04-B1-56-7B-07-BC-60-C1-CD-A0-C4-2E-01-F0">
      <ModulePath>C:\Program Files\dotnet\shared\Microsoft.NETCore.App\5.0.1\System.Private.Xml.dll</ModulePath>
      <ModuleTime>2020-11-26T05:23:22Z</ModuleTime>
      <ModuleName>System.Private.Xml</ModuleName>
      <Classes />
    </Module>
    <Module skippedDueTo="MissingPdb" hash="E7-21-29-4E-2E-3A-80-B2-7E-23-F4-C6-10-6C-BB-44-D5-49-0C-17">
      <ModulePath>C:\Program Files\dotnet\sdk\5.0.101\Microsoft.TemplateEngine.Cli.dll</ModulePath>
      <ModuleTime>2020-12-02T04:51:26Z</ModuleTime>
      <ModuleName>Microsoft.TemplateEngine.Cli</ModuleName>
      <Classes />
    </Module>
    <Module skippedDueTo="Filter" hash="88-0A-71-93-FB-FB-1B-A5-A0-8D-BC-76-FC-3D-74-FB-A4-05-B2-51">
      <ModulePath>C:\Program Files\dotnet\shared\Microsoft.NETCore.App\5.0.1\System.Runtime.Extensions.dll</ModulePath>
      <ModuleTime>2020-11-26T05:22:38Z</ModuleTime>
      <ModuleName>System.Runtime.Extensions</ModuleName>
      <Classes />
    </Module>
    <Module skippedDueTo="Filter" hash="4E-F7-1F-EB-4D-26-E0-6E-5E-29-D0-DE-7A-89-55-1B-B1-EB-58-BF">
      <ModulePath>C:\Program Files\dotnet\shared\Microsoft.NETCore.App\5.0.1\System.Xml.ReaderWriter.dll</ModulePath>
      <ModuleTime>2020-11-26T05:22:56Z</ModuleTime>
      <ModuleName>System.Xml.ReaderWriter</ModuleName>
      <Classes />
    </Module>
    <Module skippedDueTo="Filter" hash="06-53-29-DF-24-4C-8E-E6-8C-F1-1B-84-AF-D3-A1-BE-BD-F2-67-A9">
      <ModulePath>C:\Program Files\dotnet\shared\Microsoft.NETCore.App\5.0.1\System.Net.Http.dll</ModulePath>
      <ModuleTime>2020-11-26T05:23:10Z</ModuleTime>
      <ModuleName>System.Net.Http</ModuleName>
      <Classes />
    </Module>
    <Module skippedDueTo="Filter" hash="5A-F1-4E-7B-0B-4F-CC-53-17-E4-FB-0C-33-94-ED-1B-AA-6D-9A-26">
      <ModulePath>C:\Program Files\dotnet\shared\Microsoft.NETCore.App\5.0.1\System.Diagnostics.Tracing.dll</ModulePath>
      <ModuleTime>2020-11-26T05:23:06Z</ModuleTime>
      <ModuleName>System.Diagnostics.Tracing</ModuleName>
      <Classes />
    </Module>
    <Module skippedDueTo="Filter" hash="BF-8E-EB-92-9D-56-02-50-E2-2F-FD-BA-B3-D6-EB-76-85-A9-52-C5">
      <ModulePath>C:\Program Files\dotnet\shared\Microsoft.NETCore.App\5.0.1\System.Threading.Tasks.dll</ModulePath>
      <ModuleTime>2020-11-26T05:23:26Z</ModuleTime>
      <ModuleName>System.Threading.Tasks</ModuleName>
      <Classes />
    </Module>
    <Module skippedDueTo="Filter" hash="80-FC-A3-BD-68-EF-8B-E8-8C-C1-8C-E6-B5-5C-1E-F2-4B-8E-C8-1A">
      <ModulePath>C:\Program Files\dotnet\shared\Microsoft.NETCore.App\5.0.1\System.Globalization.dll</ModulePath>
      <ModuleTime>2020-11-26T05:22:42Z</ModuleTime>
      <ModuleName>System.Globalization</ModuleName>
      <Classes />
    </Module>
    <Module skippedDueTo="Filter" hash="44-DC-6B-27-C6-47-64-23-C0-9F-CD-73-31-B9-89-20-A5-D6-EC-5D">
      <ModulePath>C:\Program Files\dotnet\shared\Microsoft.NETCore.App\5.0.1\System.Text.RegularExpressions.dll</ModulePath>
      <ModuleTime>2020-11-26T05:23:26Z</ModuleTime>
      <ModuleName>System.Text.RegularExpressions</ModuleName>
      <Classes />
    </Module>
    <Module skippedDueTo="Filter" hash="64-C9-76-9D-29-99-E6-2D-B3-B1-3D-A1-DE-5D-72-BA-AA-36-7A-01">
      <ModulePath>C:\Program Files\dotnet\shared\Microsoft.NETCore.App\5.0.1\System.Reflection.Emit.ILGeneration.dll</ModulePath>
      <ModuleTime>2020-11-26T05:23:22Z</ModuleTime>
      <ModuleName>System.Reflection.Emit.ILGeneration</ModuleName>
      <Classes />
    </Module>
    <Module skippedDueTo="Filter" hash="39-E7-D5-B2-AA-66-0D-3B-79-2C-8F-58-B5-22-BA-BB-2F-CB-26-A8">
      <ModulePath>C:\Program Files\dotnet\shared\Microsoft.NETCore.App\5.0.1\System.Reflection.Emit.Lightweight.dll</ModulePath>
      <ModuleTime>2020-11-26T05:22:38Z</ModuleTime>
      <ModuleName>System.Reflection.Emit.Lightweight</ModuleName>
      <Classes />
    </Module>
    <Module skippedDueTo="Filter" hash="DD-D7-FF-29-32-7D-F2-50-36-E2-49-7A-64-52-50-45-B5-25-07-AB">
      <ModulePath>C:\Program Files\dotnet\shared\Microsoft.NETCore.App\5.0.1\System.Net.Primitives.dll</ModulePath>
      <ModuleTime>2020-11-26T05:23:10Z</ModuleTime>
      <ModuleName>System.Net.Primitives</ModuleName>
      <Classes />
    </Module>
    <Module skippedDueTo="Filter" hash="92-A2-7C-E0-61-87-8E-4E-AD-25-4E-BC-E7-6C-91-F4-F6-22-76-6B">
      <ModulePath>C:\Program Files\dotnet\shared\Microsoft.NETCore.App\5.0.1\System.Net.Security.dll</ModulePath>
      <ModuleTime>2020-11-26T05:23:10Z</ModuleTime>
      <ModuleName>System.Net.Security</ModuleName>
      <Classes />
    </Module>
    <Module skippedDueTo="Filter" hash="D0-A1-14-75-FE-AD-72-51-64-67-34-F4-32-83-BB-DA-6C-AE-41-85">
      <ModulePath>C:\Program Files\dotnet\shared\Microsoft.NETCore.App\5.0.1\System.Reflection.Primitives.dll</ModulePath>
      <ModuleTime>2020-11-26T05:23:22Z</ModuleTime>
      <ModuleName>System.Reflection.Primitives</ModuleName>
      <Classes />
    </Module>
    <Module skippedDueTo="Filter" hash="E4-7B-D5-D5-DF-6E-22-CE-A2-F0-36-F5-8B-49-BB-2A-04-B0-A8-43">
      <ModulePath>C:\Program Files\dotnet\shared\Microsoft.NETCore.App\5.0.1\System.Diagnostics.DiagnosticSource.dll</ModulePath>
      <ModuleTime>2020-11-26T05:23:08Z</ModuleTime>
      <ModuleName>System.Diagnostics.DiagnosticSource</ModuleName>
      <Classes />
    </Module>
    <Module skippedDueTo="Filter" hash="32-61-C3-24-6B-A1-5A-E3-F0-08-A6-54-D4-D5-39-8A-F2-D6-81-81">
      <ModulePath>C:\Program Files\dotnet\shared\Microsoft.NETCore.App\5.0.1\System.Security.Cryptography.X509Certificates.dll</ModulePath>
      <ModuleTime>2020-11-26T05:23:24Z</ModuleTime>
      <ModuleName>System.Security.Cryptography.X509Certificates</ModuleName>
      <Classes />
    </Module>
    <Module skippedDueTo="MissingPdb" hash="29-72-9B-A1-6F-4B-AA-67-FE-7B-FC-14-4A-EE-DD-25-27-39-B5-0A">
      <ModulePath>C:\Program Files\dotnet\shared\Microsoft.NETCore.App\5.0.1\Microsoft.Win32.Registry.dll</ModulePath>
      <ModuleTime>2020-11-26T05:23:04Z</ModuleTime>
      <ModuleName>Microsoft.Win32.Registry</ModuleName>
      <Classes />
    </Module>
    <Module skippedDueTo="Filter" hash="1B-38-25-30-53-D0-AD-A9-10-72-0E-3B-89-2E-E5-E1-75-CC-8F-35">
      <ModulePath>C:\Program Files\dotnet\shared\Microsoft.NETCore.App\5.0.1\System.Net.Requests.dll</ModulePath>
      <ModuleTime>2020-11-26T05:23:10Z</ModuleTime>
      <ModuleName>System.Net.Requests</ModuleName>
      <Classes />
    </Module>
    <Module skippedDueTo="Filter" hash="63-72-B7-0A-FD-AE-D7-D5-6C-CA-96-82-FB-38-2C-C5-94-A5-07-A9">
      <ModulePath>C:\Program Files\dotnet\shared\Microsoft.NETCore.App\5.0.1\System.Net.NetworkInformation.dll</ModulePath>
      <ModuleTime>2020-11-26T05:22:44Z</ModuleTime>
      <ModuleName>System.Net.NetworkInformation</ModuleName>
      <Classes />
    </Module>
    <Module skippedDueTo="MissingPdb" hash="A6-46-E2-1C-61-D2-48-F0-BA-7E-AE-76-D4-6C-74-D5-34-97-CA-1E">
      <ModulePath>C:\Program Files\dotnet\shared\Microsoft.NETCore.App\5.0.1\Microsoft.Win32.Primitives.dll</ModulePath>
      <ModuleTime>2020-11-26T05:22:38Z</ModuleTime>
      <ModuleName>Microsoft.Win32.Primitives</ModuleName>
      <Classes />
    </Module>
    <Module skippedDueTo="Filter" hash="22-92-CD-86-D6-53-58-01-C6-D8-B6-63-3A-6D-82-EA-C2-0A-B8-E4">
      <ModulePath>C:\Program Files\dotnet\shared\Microsoft.NETCore.App\5.0.1\System.Diagnostics.Tools.dll</ModulePath>
      <ModuleTime>2020-11-26T05:23:06Z</ModuleTime>
      <ModuleName>System.Diagnostics.Tools</ModuleName>
      <Classes />
    </Module>
    <Module skippedDueTo="MissingPdb" hash="E0-ED-40-80-C0-9F-E9-31-E6-C7-51-97-79-FC-A8-AD-D1-3E-A1-96">
      <ModulePath>C:\Program Files\dotnet\sdk\5.0.101\Microsoft.TemplateEngine.Utils.dll</ModulePath>
      <ModuleTime>2020-12-02T04:51:28Z</ModuleTime>
      <ModuleName>Microsoft.TemplateEngine.Utils</ModuleName>
      <Classes />
    </Module>
    <Module skippedDueTo="MissingPdb" hash="F5-CD-C0-D0-A0-F3-BF-84-98-A5-CA-5D-11-27-31-81-4F-7D-B9-85">
      <ModulePath>C:\Program Files\dotnet\sdk\5.0.101\pt-BR\dotnet.resources.dll</ModulePath>
      <ModuleTime>2020-12-02T04:51:22Z</ModuleTime>
      <ModuleName>dotnet.resources</ModuleName>
      <Classes />
    </Module>
    <Module skippedDueTo="Filter" hash="93-1C-2D-DB-EE-CB-2C-50-60-DC-2B-A2-F5-BA-46-0A-38-C9-1F-BC">
      <ModulePath>C:\Program Files\dotnet\shared\Microsoft.NETCore.App\5.0.1\System.Diagnostics.Debug.dll</ModulePath>
      <ModuleTime>2020-11-26T05:23:08Z</ModuleTime>
      <ModuleName>System.Diagnostics.Debug</ModuleName>
      <Classes />
    </Module>
    <Module skippedDueTo="Filter" hash="4D-28-23-7E-64-6D-9C-1A-AF-55-76-B7-18-DD-78-5B-84-24-CF-29">
      <ModulePath>C:\Program Files\dotnet\shared\Microsoft.NETCore.App\5.0.1\System.IO.dll</ModulePath>
      <ModuleTime>2020-11-26T05:22:42Z</ModuleTime>
      <ModuleName>System.IO</ModuleName>
      <Classes />
    </Module>
    <Module skippedDueTo="Filter" hash="5B-1E-05-43-38-8A-AF-28-41-52-47-B6-4D-CA-93-6A-F2-C8-E3-C5">
      <ModulePath>C:\Program Files\dotnet\shared\Microsoft.NETCore.App\5.0.1\System.Text.Encoding.dll</ModulePath>
      <ModuleTime>2020-11-26T05:22:40Z</ModuleTime>
      <ModuleName>System.Text.Encoding</ModuleName>
      <Classes />
    </Module>
    <Module skippedDueTo="Filter" hash="1D-09-88-33-8A-BD-A9-84-C6-61-64-5C-7D-F7-28-DE-CA-EF-1D-00">
      <ModulePath>C:\Program Files\dotnet\shared\Microsoft.NETCore.App\5.0.1\System.IO.Compression.dll</ModulePath>
      <ModuleTime>2020-11-26T05:23:30Z</ModuleTime>
      <ModuleName>System.IO.Compression</ModuleName>
      <Classes />
    </Module>
    <Module skippedDueTo="MissingPdb" hash="4F-75-0D-47-4A-21-D1-5B-52-A9-11-A8-3A-37-7A-28-D1-A7-9C-07">
      <ModulePath>C:\Program Files\dotnet\sdk\5.0.101\Microsoft.Build.Framework.dll</ModulePath>
      <ModuleTime>2020-12-02T04:51:20Z</ModuleTime>
      <ModuleName>Microsoft.Build.Framework</ModuleName>
      <Classes />
    </Module>
    <Module skippedDueTo="Filter" hash="B9-04-BB-1F-47-59-AE-55-36-7D-BD-CD-78-EC-CD-54-46-F1-29-01">
      <ModulePath>C:\Program Files\dotnet\shared\Microsoft.NETCore.App\5.0.1\System.Diagnostics.Process.dll</ModulePath>
      <ModuleTime>2020-11-26T05:22:40Z</ModuleTime>
      <ModuleName>System.Diagnostics.Process</ModuleName>
      <Classes />
    </Module>
    <Module skippedDueTo="Filter" hash="72-C2-A9-67-09-8B-E2-59-B7-F2-90-6B-05-D2-CD-E7-1D-F8-52-EC">
      <ModulePath>C:\Program Files\dotnet\shared\Microsoft.NETCore.App\5.0.1\System.Collections.NonGeneric.dll</ModulePath>
      <ModuleTime>2020-11-26T05:23:06Z</ModuleTime>
      <ModuleName>System.Collections.NonGeneric</ModuleName>
      <Classes />
    </Module>
    <Module skippedDueTo="Filter" hash="30-71-D6-A1-76-1A-E7-30-27-9C-C0-91-B0-21-96-E0-03-EC-EB-2E">
      <ModulePath>C:\Program Files\dotnet\shared\Microsoft.NETCore.App\5.0.1\System.ComponentModel.Primitives.dll</ModulePath>
      <ModuleTime>2020-11-26T05:23:06Z</ModuleTime>
      <ModuleName>System.ComponentModel.Primitives</ModuleName>
      <Classes />
    </Module>
    <Module skippedDueTo="Filter" hash="46-65-34-16-12-8A-82-8C-EF-83-15-67-D4-79-1E-80-90-82-6C-C1">
      <ModulePath>C:\Program Files\dotnet\shared\Microsoft.NETCore.App\5.0.1\System.Net.Sockets.dll</ModulePath>
      <ModuleTime>2020-11-26T05:23:22Z</ModuleTime>
      <ModuleName>System.Net.Sockets</ModuleName>
      <Classes />
    </Module>
    <Module skippedDueTo="Filter" hash="3A-AD-51-A6-B7-5F-D6-99-69-0F-FF-1C-37-BC-67-A1-0F-DE-91-FE">
      <ModulePath>C:\Program Files\dotnet\shared\Microsoft.NETCore.App\5.0.1\System.Net.NameResolution.dll</ModulePath>
      <ModuleTime>2020-11-26T05:22:44Z</ModuleTime>
      <ModuleName>System.Net.NameResolution</ModuleName>
      <Classes />
    </Module>
    <Module skippedDueTo="Filter" hash="75-42-DF-DC-36-23-09-29-3F-E9-7B-A8-A6-57-C3-96-A4-5B-2A-89">
      <ModulePath>C:\Program Files\dotnet\shared\Microsoft.NETCore.App\5.0.1\System.Threading.Overlapped.dll</ModulePath>
      <ModuleTime>2020-11-26T05:23:26Z</ModuleTime>
      <ModuleName>System.Threading.Overlapped</ModuleName>
      <Classes />
    </Module>
    <Module skippedDueTo="Filter" hash="AD-4B-4A-6B-C9-8C-9A-91-28-84-87-65-74-EA-21-14-60-64-FF-09">
      <ModulePath>C:\Program Files\dotnet\shared\Microsoft.NETCore.App\5.0.1\System.Threading.ThreadPool.dll</ModulePath>
      <ModuleTime>2020-11-26T05:22:42Z</ModuleTime>
      <ModuleName>System.Threading.ThreadPool</ModuleName>
      <Classes />
    </Module>
    <Module skippedDueTo="Filter" hash="9E-8A-E3-82-1B-DC-B9-5E-6E-B3-DB-A2-88-EF-8C-25-74-82-D4-FC">
      <ModulePath>C:\Program Files\dotnet\shared\Microsoft.NETCore.App\5.0.1\System.Private.CoreLib.dll</ModulePath>
      <ModuleTime>2020-11-26T05:19:10Z</ModuleTime>
      <ModuleName>System.Private.CoreLib</ModuleName>
      <Classes />
    </Module>
    <Module skippedDueTo="MissingPdb" hash="66-75-FA-E5-47-10-60-33-49-14-A3-A2-84-EA-CD-98-61-86-56-C9">
      <ModulePath>C:\Program Files\dotnet\sdk\5.0.101\MSBuild.dll</ModulePath>
      <ModuleTime>2020-12-02T04:50:50Z</ModuleTime>
      <ModuleName>MSBuild</ModuleName>
      <Classes />
    </Module>
    <Module skippedDueTo="Filter" hash="2C-27-F2-9A-19-38-D9-2E-A0-A6-75-F0-5B-49-8C-E5-CB-FA-EE-5D">
      <ModulePath>C:\Program Files\dotnet\shared\Microsoft.NETCore.App\5.0.1\System.Runtime.dll</ModulePath>
      <ModuleTime>2020-11-26T05:22:38Z</ModuleTime>
      <ModuleName>System.Runtime</ModuleName>
      <Classes />
    </Module>
    <Module skippedDueTo="Filter" hash="AC-87-73-CC-0C-DD-DD-3B-39-5E-E1-56-58-CD-77-2E-D2-22-CF-DF">
      <ModulePath>C:\Program Files\dotnet\shared\Microsoft.NETCore.App\5.0.1\System.Security.Principal.Windows.dll</ModulePath>
      <ModuleTime>2020-11-26T05:23:26Z</ModuleTime>
      <ModuleName>System.Security.Principal.Windows</ModuleName>
      <Classes />
    </Module>
    <Module skippedDueTo="Filter" hash="EA-4B-4D-F2-39-DC-7D-EF-51-C0-BB-81-C6-E3-29-86-01-04-6A-A4">
      <ModulePath>C:\Program Files\dotnet\shared\Microsoft.NETCore.App\5.0.1\System.Security.Claims.dll</ModulePath>
      <ModuleTime>2020-11-26T05:22:40Z</ModuleTime>
      <ModuleName>System.Security.Claims</ModuleName>
      <Classes />
    </Module>
    <Module skippedDueTo="Filter" hash="88-0A-71-93-FB-FB-1B-A5-A0-8D-BC-76-FC-3D-74-FB-A4-05-B2-51">
      <ModulePath>C:\Program Files\dotnet\shared\Microsoft.NETCore.App\5.0.1\System.Runtime.Extensions.dll</ModulePath>
      <ModuleTime>2020-11-26T05:22:38Z</ModuleTime>
      <ModuleName>System.Runtime.Extensions</ModuleName>
      <Classes />
    </Module>
    <Module skippedDueTo="Filter" hash="98-F3-6B-70-C7-F7-3C-86-E9-35-6E-24-62-E9-07-F7-4D-FB-46-37">
      <ModulePath>C:\Program Files\dotnet\shared\Microsoft.NETCore.App\5.0.1\System.Threading.dll</ModulePath>
      <ModuleTime>2020-11-26T05:22:40Z</ModuleTime>
      <ModuleName>System.Threading</ModuleName>
      <Classes />
    </Module>
    <Module skippedDueTo="Filter" hash="BF-8E-EB-92-9D-56-02-50-E2-2F-FD-BA-B3-D6-EB-76-85-A9-52-C5">
      <ModulePath>C:\Program Files\dotnet\shared\Microsoft.NETCore.App\5.0.1\System.Threading.Tasks.dll</ModulePath>
      <ModuleTime>2020-11-26T05:23:26Z</ModuleTime>
      <ModuleName>System.Threading.Tasks</ModuleName>
      <Classes />
    </Module>
    <Module skippedDueTo="MissingPdb" hash="4F-75-0D-47-4A-21-D1-5B-52-A9-11-A8-3A-37-7A-28-D1-A7-9C-07">
      <ModulePath>C:\Program Files\dotnet\sdk\5.0.101\Microsoft.Build.Framework.dll</ModulePath>
      <ModuleTime>2020-12-02T04:51:20Z</ModuleTime>
      <ModuleName>Microsoft.Build.Framework</ModuleName>
      <Classes />
    </Module>
    <Module skippedDueTo="MissingPdb" hash="91-93-E6-A4-B3-80-5C-69-16-36-A2-70-9A-20-D8-93-A8-8C-0B-85">
      <ModulePath>C:\Program Files\dotnet\shared\Microsoft.NETCore.App\5.0.1\netstandard.dll</ModulePath>
      <ModuleTime>2020-11-26T05:23:04Z</ModuleTime>
      <ModuleName>netstandard</ModuleName>
      <Classes />
    </Module>
    <Module skippedDueTo="Filter" hash="BA-F4-ED-D7-13-C8-55-40-22-7B-A8-6E-36-DD-E1-0C-CE-64-D4-2E">
      <ModulePath>C:\Program Files\dotnet\shared\Microsoft.NETCore.App\5.0.1\System.Runtime.InteropServices.RuntimeInformation.dll</ModulePath>
      <ModuleTime>2020-11-26T05:23:24Z</ModuleTime>
      <ModuleName>System.Runtime.InteropServices.RuntimeInformation</ModuleName>
      <Classes />
    </Module>
    <Module skippedDueTo="Filter" hash="B9-04-BB-1F-47-59-AE-55-36-7D-BD-CD-78-EC-CD-54-46-F1-29-01">
      <ModulePath>C:\Program Files\dotnet\shared\Microsoft.NETCore.App\5.0.1\System.Diagnostics.Process.dll</ModulePath>
      <ModuleTime>2020-11-26T05:22:40Z</ModuleTime>
      <ModuleName>System.Diagnostics.Process</ModuleName>
      <Classes />
    </Module>
    <Module skippedDueTo="Filter" hash="30-71-D6-A1-76-1A-E7-30-27-9C-C0-91-B0-21-96-E0-03-EC-EB-2E">
      <ModulePath>C:\Program Files\dotnet\shared\Microsoft.NETCore.App\5.0.1\System.ComponentModel.Primitives.dll</ModulePath>
      <ModuleTime>2020-11-26T05:23:06Z</ModuleTime>
      <ModuleName>System.ComponentModel.Primitives</ModuleName>
      <Classes />
    </Module>
    <Module skippedDueTo="Filter" hash="8C-24-21-2C-83-C8-21-70-14-70-D5-BB-EE-B7-B7-AF-C2-6D-77-94">
      <ModulePath>C:\Program Files\dotnet\shared\Microsoft.NETCore.App\5.0.1\System.Linq.dll</ModulePath>
      <ModuleTime>2020-11-26T05:23:10Z</ModuleTime>
      <ModuleName>System.Linq</ModuleName>
      <Classes />
    </Module>
    <Module skippedDueTo="Filter" hash="44-DC-6B-27-C6-47-64-23-C0-9F-CD-73-31-B9-89-20-A5-D6-EC-5D">
      <ModulePath>C:\Program Files\dotnet\shared\Microsoft.NETCore.App\5.0.1\System.Text.RegularExpressions.dll</ModulePath>
      <ModuleTime>2020-11-26T05:23:26Z</ModuleTime>
      <ModuleName>System.Text.RegularExpressions</ModuleName>
      <Classes />
    </Module>
    <Module skippedDueTo="Filter" hash="C5-4E-0B-D5-3C-85-C7-AB-12-CB-9C-34-80-EF-51-87-86-38-25-BD">
      <ModulePath>C:\Program Files\dotnet\shared\Microsoft.NETCore.App\5.0.1\System.Collections.Concurrent.dll</ModulePath>
      <ModuleTime>2020-11-26T05:23:04Z</ModuleTime>
      <ModuleName>System.Collections.Concurrent</ModuleName>
      <Classes />
    </Module>
    <Module skippedDueTo="Filter" hash="24-5D-A5-72-4B-33-83-A9-79-8D-1B-E4-99-E0-73-AC-22-ED-61-AE">
      <ModulePath>C:\Program Files\dotnet\shared\Microsoft.NETCore.App\5.0.1\System.Collections.dll</ModulePath>
      <ModuleTime>2020-11-26T05:23:30Z</ModuleTime>
      <ModuleName>System.Collections</ModuleName>
      <Classes />
    </Module>
    <Module skippedDueTo="Filter" hash="8D-43-6A-A8-32-E9-32-FB-46-93-46-1D-E5-51-66-DA-5C-2F-BF-66">
      <ModulePath>C:\Program Files\dotnet\shared\Microsoft.NETCore.App\5.0.1\System.Security.Cryptography.Encoding.dll</ModulePath>
      <ModuleTime>2020-11-26T05:22:40Z</ModuleTime>
      <ModuleName>System.Security.Cryptography.Encoding</ModuleName>
      <Classes />
    </Module>
    <Module skippedDueTo="Filter" hash="CC-1E-3F-5D-55-55-4D-9F-E5-9B-55-4B-E6-35-5C-A0-C8-97-3B-22">
      <ModulePath>C:\Program Files\dotnet\shared\Microsoft.NETCore.App\5.0.1\System.Memory.dll</ModulePath>
      <ModuleTime>2020-11-26T05:24:08Z</ModuleTime>
      <ModuleName>System.Memory</ModuleName>
      <Classes />
    </Module>
    <Module skippedDueTo="Filter" hash="EF-75-C6-B7-D8-E4-F9-36-A6-E5-11-A8-9B-87-B4-B2-20-76-2F-E1">
      <ModulePath>C:\Program Files\dotnet\shared\Microsoft.NETCore.App\5.0.1\System.IO.FileSystem.dll</ModulePath>
      <ModuleTime>2020-11-26T05:23:08Z</ModuleTime>
      <ModuleName>System.IO.FileSystem</ModuleName>
      <Classes />
    </Module>
    <Module skippedDueTo="Filter" hash="38-CE-15-CF-27-7A-FC-59-85-86-C7-94-CD-07-2F-85-73-24-05-29">
      <ModulePath>C:\Program Files\dotnet\shared\Microsoft.NETCore.App\5.0.1\System.Runtime.InteropServices.dll</ModulePath>
      <ModuleTime>2020-11-26T05:22:38Z</ModuleTime>
      <ModuleName>System.Runtime.InteropServices</ModuleName>
      <Classes />
    </Module>
    <Module skippedDueTo="Filter" hash="32-37-51-CE-0E-37-4D-DC-D7-AA-46-FD-E0-C7-47-8D-52-CA-79-B5">
      <ModulePath>C:\Program Files\dotnet\shared\Microsoft.NETCore.App\5.0.1\System.Console.dll</ModulePath>
      <ModuleTime>2020-11-26T05:23:30Z</ModuleTime>
      <ModuleName>System.Console</ModuleName>
      <Classes />
    </Module>
    <Module skippedDueTo="MissingPdb" hash="F1-F2-57-CB-4E-4E-85-4A-40-EA-2F-34-B1-E5-77-AF-ED-91-72-5C">
      <ModulePath>C:\Program Files\dotnet\sdk\5.0.101\Microsoft.Build.dll</ModulePath>
      <ModuleTime>2020-12-02T04:51:22Z</ModuleTime>
      <ModuleName>Microsoft.Build</ModuleName>
      <Classes />
    </Module>
    <Module skippedDueTo="Filter" hash="93-1C-2D-DB-EE-CB-2C-50-60-DC-2B-A2-F5-BA-46-0A-38-C9-1F-BC">
      <ModulePath>C:\Program Files\dotnet\shared\Microsoft.NETCore.App\5.0.1\System.Diagnostics.Debug.dll</ModulePath>
      <ModuleTime>2020-11-26T05:23:08Z</ModuleTime>
      <ModuleName>System.Diagnostics.Debug</ModuleName>
      <Classes />
    </Module>
    <Module skippedDueTo="Filter" hash="5A-F1-4E-7B-0B-4F-CC-53-17-E4-FB-0C-33-94-ED-1B-AA-6D-9A-26">
      <ModulePath>C:\Program Files\dotnet\shared\Microsoft.NETCore.App\5.0.1\System.Diagnostics.Tracing.dll</ModulePath>
      <ModuleTime>2020-11-26T05:23:06Z</ModuleTime>
      <ModuleName>System.Diagnostics.Tracing</ModuleName>
      <Classes />
    </Module>
    <Module skippedDueTo="MissingPdb" hash="A6-46-E2-1C-61-D2-48-F0-BA-7E-AE-76-D4-6C-74-D5-34-97-CA-1E">
      <ModulePath>C:\Program Files\dotnet\shared\Microsoft.NETCore.App\5.0.1\Microsoft.Win32.Primitives.dll</ModulePath>
      <ModuleTime>2020-11-26T05:22:38Z</ModuleTime>
      <ModuleName>Microsoft.Win32.Primitives</ModuleName>
      <Classes />
    </Module>
    <Module skippedDueTo="Filter" hash="CB-81-6B-86-6D-D6-EB-F8-13-08-10-2C-9C-43-A5-81-6E-46-6A-22">
      <ModulePath>C:\Program Files\dotnet\shared\Microsoft.NETCore.App\5.0.1\System.Text.Encoding.CodePages.dll</ModulePath>
      <ModuleTime>2020-11-26T05:23:24Z</ModuleTime>
      <ModuleName>System.Text.Encoding.CodePages</ModuleName>
      <Classes />
    </Module>
    <Module skippedDueTo="Filter" hash="B0-4D-D5-E8-70-6D-7B-2B-FB-7E-E8-23-59-47-98-3A-DA-F8-17-AF">
      <ModulePath>C:\Program Files\dotnet\shared\Microsoft.NETCore.App\5.0.1\System.Runtime.Loader.dll</ModulePath>
      <ModuleTime>2020-11-26T05:22:38Z</ModuleTime>
      <ModuleName>System.Runtime.Loader</ModuleName>
      <Classes />
    </Module>
    <Module skippedDueTo="MissingPdb" hash="D6-8B-D5-04-BB-42-04-4D-5B-32-EC-42-AE-E0-D7-D7-E9-3C-24-0B">
      <ModulePath>C:\Program Files\dotnet\sdk\5.0.101\dotnet.dll</ModulePath>
      <ModuleTime>2020-12-02T04:51:20Z</ModuleTime>
      <ModuleName>dotnet</ModuleName>
      <Classes />
    </Module>
    <Module skippedDueTo="Filter" hash="69-D2-17-1E-15-D0-3A-2E-06-51-96-E1-38-99-0E-19-DB-D0-99-86">
      <ModulePath>C:\Program Files\dotnet\shared\Microsoft.NETCore.App\5.0.1\System.Collections.Immutable.dll</ModulePath>
      <ModuleTime>2020-11-26T05:22:38Z</ModuleTime>
      <ModuleName>System.Collections.Immutable</ModuleName>
      <Classes />
    </Module>
    <Module skippedDueTo="MissingPdb" hash="3E-99-1D-D9-E5-76-F9-C7-6D-AD-E4-DB-0B-00-A0-F5-AB-B8-AA-9A">
      <ModulePath>C:\Program Files\dotnet\sdk\5.0.101\Microsoft.DotNet.Configurer.dll</ModulePath>
      <ModuleTime>2020-12-02T04:51:26Z</ModuleTime>
      <ModuleName>Microsoft.DotNet.Configurer</ModuleName>
      <Classes />
    </Module>
    <Module skippedDueTo="MissingPdb" hash="23-62-35-3A-7F-B6-9B-18-29-AD-08-E5-03-6E-32-00-67-7F-DC-7F">
      <ModulePath>C:\Program Files\dotnet\sdk\5.0.101\Microsoft.DotNet.InternalAbstractions.dll</ModulePath>
      <ModuleTime>2020-12-02T04:51:24Z</ModuleTime>
      <ModuleName>Microsoft.DotNet.InternalAbstractions</ModuleName>
      <Classes />
    </Module>
    <Module skippedDueTo="MissingPdb" hash="1D-29-1D-09-07-54-12-D6-0E-C5-87-06-A4-C2-14-E2-2D-B9-E4-EE">
      <ModulePath>C:\Program Files\dotnet\sdk\5.0.101\Microsoft.DotNet.Cli.Utils.dll</ModulePath>
      <ModuleTime>2020-12-02T04:51:24Z</ModuleTime>
      <ModuleName>Microsoft.DotNet.Cli.Utils</ModuleName>
      <Classes />
    </Module>
    <Module skippedDueTo="Filter" hash="75-4F-E4-13-98-8D-96-14-98-33-4F-45-50-32-07-65-7E-61-3F-A3">
      <ModulePath>C:\Program Files\dotnet\shared\Microsoft.NETCore.App\5.0.1\System.Text.Encoding.Extensions.dll</ModulePath>
      <ModuleTime>2020-11-26T05:22:40Z</ModuleTime>
      <ModuleName>System.Text.Encoding.Extensions</ModuleName>
      <Classes />
    </Module>
    <Module skippedDueTo="MissingPdb" hash="EB-F1-43-93-AC-91-85-41-D3-55-41-72-57-9E-2A-A0-F6-A0-20-59">
      <ModulePath>C:\Program Files\dotnet\sdk\5.0.101\Microsoft.ApplicationInsights.dll</ModulePath>
      <ModuleTime>2020-12-02T04:51:22Z</ModuleTime>
      <ModuleName>Microsoft.ApplicationInsights</ModuleName>
      <Classes />
    </Module>
    <Module skippedDueTo="Filter" hash="BD-A6-92-D1-ED-52-48-B3-CF-20-51-08-01-75-29-3C-38-40-F9-A5">
      <ModulePath>C:\Program Files\dotnet\shared\Microsoft.NETCore.App\5.0.1\System.Runtime.CompilerServices.Unsafe.dll</ModulePath>
      <ModuleTime>2020-11-26T05:23:22Z</ModuleTime>
      <ModuleName>System.Runtime.CompilerServices.Unsafe</ModuleName>
      <Classes />
    </Module>
    <Module skippedDueTo="Filter" hash="4A-69-5E-AC-08-79-87-90-FC-09-D7-64-A3-91-97-34-30-02-0A-2D">
      <ModulePath>C:\Program Files\dotnet\shared\Microsoft.NETCore.App\5.0.1\System.Private.Uri.dll</ModulePath>
      <ModuleTime>2020-11-26T05:23:52Z</ModuleTime>
      <ModuleName>System.Private.Uri</ModuleName>
      <Classes />
    </Module>
    <Module skippedDueTo="Filter" hash="BB-D6-6D-22-01-D0-E0-82-9E-12-87-1F-83-21-8A-05-AC-57-11-37">
      <ModulePath>C:\Program Files\dotnet\shared\Microsoft.NETCore.App\5.0.1\System.Reflection.Extensions.dll</ModulePath>
      <ModuleTime>2020-11-26T05:22:38Z</ModuleTime>
      <ModuleName>System.Reflection.Extensions</ModuleName>
      <Classes />
    </Module>
    <Module skippedDueTo="Filter" hash="C3-E0-36-A0-84-F9-30-F6-E1-BA-FC-F8-18-3F-0D-0C-2E-87-E6-DD">
      <ModulePath>C:\Program Files\dotnet\shared\Microsoft.NETCore.App\5.0.1\System.Reflection.dll</ModulePath>
      <ModuleTime>2020-11-26T05:22:36Z</ModuleTime>
      <ModuleName>System.Reflection</ModuleName>
      <Classes />
    </Module>
    <Module skippedDueTo="Filter" hash="4B-29-4B-CF-A7-B0-3A-61-31-1F-70-E1-92-A3-5C-5E-35-1C-0E-64">
      <ModulePath>C:\Program Files\dotnet\shared\Microsoft.NETCore.App\5.0.1\System.Xml.XDocument.dll</ModulePath>
      <ModuleTime>2020-11-26T05:23:34Z</ModuleTime>
      <ModuleName>System.Xml.XDocument</ModuleName>
      <Classes />
    </Module>
    <Module skippedDueTo="Filter" hash="66-D6-34-02-FC-A1-86-87-39-74-2C-79-38-E9-94-7F-C9-FC-AF-7E">
      <ModulePath>C:\Program Files\dotnet\shared\Microsoft.NETCore.App\5.0.1\System.Private.Xml.Linq.dll</ModulePath>
      <ModuleTime>2020-11-26T05:25:10Z</ModuleTime>
      <ModuleName>System.Private.Xml.Linq</ModuleName>
      <Classes />
    </Module>
    <Module skippedDueTo="Filter" hash="17-AA-F2-B7-5D-DC-63-65-32-5B-7B-20-82-36-48-12-EA-CE-34-13">
      <ModulePath>C:\Program Files\dotnet\shared\Microsoft.NETCore.App\5.0.1\System.Threading.Thread.dll</ModulePath>
      <ModuleTime>2020-11-26T05:23:26Z</ModuleTime>
      <ModuleName>System.Threading.Thread</ModuleName>
      <Classes />
    </Module>
    <Module skippedDueTo="Filter" hash="D4-19-2C-16-7A-E6-04-B1-56-7B-07-BC-60-C1-CD-A0-C4-2E-01-F0">
      <ModulePath>C:\Program Files\dotnet\shared\Microsoft.NETCore.App\5.0.1\System.Private.Xml.dll</ModulePath>
      <ModuleTime>2020-11-26T05:23:22Z</ModuleTime>
      <ModuleName>System.Private.Xml</ModuleName>
      <Classes />
    </Module>
    <Module skippedDueTo="Filter" hash="4E-F7-1F-EB-4D-26-E0-6E-5E-29-D0-DE-7A-89-55-1B-B1-EB-58-BF">
      <ModulePath>C:\Program Files\dotnet\shared\Microsoft.NETCore.App\5.0.1\System.Xml.ReaderWriter.dll</ModulePath>
      <ModuleTime>2020-11-26T05:22:56Z</ModuleTime>
      <ModuleName>System.Xml.ReaderWriter</ModuleName>
      <Classes />
    </Module>
    <Module skippedDueTo="Filter" hash="80-FC-A3-BD-68-EF-8B-E8-8C-C1-8C-E6-B5-5C-1E-F2-4B-8E-C8-1A">
      <ModulePath>C:\Program Files\dotnet\shared\Microsoft.NETCore.App\5.0.1\System.Globalization.dll</ModulePath>
      <ModuleTime>2020-11-26T05:22:42Z</ModuleTime>
      <ModuleName>System.Globalization</ModuleName>
      <Classes />
    </Module>
    <Module skippedDueTo="Filter" hash="72-C2-A9-67-09-8B-E2-59-B7-F2-90-6B-05-D2-CD-E7-1D-F8-52-EC">
      <ModulePath>C:\Program Files\dotnet\shared\Microsoft.NETCore.App\5.0.1\System.Collections.NonGeneric.dll</ModulePath>
      <ModuleTime>2020-11-26T05:23:06Z</ModuleTime>
      <ModuleName>System.Collections.NonGeneric</ModuleName>
      <Classes />
    </Module>
    <Module skippedDueTo="Filter" hash="F9-FC-2F-83-A3-7D-CC-37-EF-88-E0-12-1F-49-3C-D6-BE-41-AB-54">
      <ModulePath>C:\Program Files\dotnet\shared\Microsoft.NETCore.App\5.0.1\System.Resources.ResourceManager.dll</ModulePath>
      <ModuleTime>2020-11-26T05:22:38Z</ModuleTime>
      <ModuleName>System.Resources.ResourceManager</ModuleName>
      <Classes />
    </Module>
    <Module skippedDueTo="MissingPdb" hash="83-45-C9-B9-9D-9C-CF-37-73-F4-81-C1-1B-5A-C6-D2-38-0A-F8-D1">
      <ModulePath>C:\Program Files\dotnet\sdk\5.0.101\pt-BR\MSBuild.resources.dll</ModulePath>
      <ModuleTime>2020-10-20T23:39:50Z</ModuleTime>
      <ModuleName>MSBuild.resources</ModuleName>
      <Classes />
    </Module>
    <Module skippedDueTo="Filter" hash="F1-04-9B-64-B1-3E-7A-8A-88-58-C7-90-97-BD-7D-28-95-97-D6-81">
      <ModulePath>C:\Program Files\dotnet\shared\Microsoft.NETCore.App\5.0.1\System.Security.Cryptography.Algorithms.dll</ModulePath>
      <ModuleTime>2020-11-26T05:23:24Z</ModuleTime>
      <ModuleName>System.Security.Cryptography.Algorithms</ModuleName>
      <Classes />
    </Module>
    <Module skippedDueTo="Filter" hash="51-9A-D2-B4-1A-12-EE-FC-97-06-15-08-BB-0C-70-97-C6-78-DD-89">
      <ModulePath>C:\Program Files\dotnet\shared\Microsoft.NETCore.App\5.0.1\System.Security.Cryptography.Primitives.dll</ModulePath>
      <ModuleTime>2020-11-26T05:28:48Z</ModuleTime>
      <ModuleName>System.Security.Cryptography.Primitives</ModuleName>
      <Classes />
    </Module>
    <Module skippedDueTo="MissingPdb" hash="29-72-9B-A1-6F-4B-AA-67-FE-7B-FC-14-4A-EE-DD-25-27-39-B5-0A">
      <ModulePath>C:\Program Files\dotnet\shared\Microsoft.NETCore.App\5.0.1\Microsoft.Win32.Registry.dll</ModulePath>
      <ModuleTime>2020-11-26T05:23:04Z</ModuleTime>
      <ModuleName>Microsoft.Win32.Registry</ModuleName>
      <Classes />
    </Module>
    <Module skippedDueTo="Filter" hash="3A-84-7F-46-58-21-AE-68-2B-B5-9A-55-DE-BF-48-68-0F-09-F3-14">
      <ModulePath>C:\Program Files\dotnet\shared\Microsoft.NETCore.App\5.0.1\System.Threading.Tasks.Dataflow.dll</ModulePath>
      <ModuleTime>2020-11-26T05:23:50Z</ModuleTime>
      <ModuleName>System.Threading.Tasks.Dataflow</ModuleName>
      <Classes />
    </Module>
    <Module skippedDueTo="MissingPdb" hash="B1-1A-2D-44-BE-D5-59-0D-92-DD-13-1F-F2-53-B5-8E-D3-A1-F2-63">
      <ModulePath>C:\Program Files\dotnet\sdk\5.0.101\pt-BR\Microsoft.Build.resources.dll</ModulePath>
      <ModuleTime>2020-10-20T23:39:36Z</ModuleTime>
      <ModuleName>Microsoft.Build.resources</ModuleName>
      <Classes />
    </Module>
    <Module skippedDueTo="Filter" hash="6B-A8-9A-7A-EC-3B-16-3D-9A-91-D2-01-C2-C4-59-F1-AC-4A-83-4E">
      <ModulePath>C:\Program Files\dotnet\shared\Microsoft.NETCore.App\5.0.1\System.ObjectModel.dll</ModulePath>
      <ModuleTime>2020-11-26T05:22:38Z</ModuleTime>
      <ModuleName>System.ObjectModel</ModuleName>
      <Classes />
    </Module>
    <Module skippedDueTo="Filter" hash="77-38-31-02-33-0D-B4-51-55-BD-0D-6D-3C-AD-0E-35-7C-CF-A8-2E">
      <ModulePath>C:\Program Files\dotnet\shared\Microsoft.NETCore.App\5.0.1\System.Diagnostics.TraceSource.dll</ModulePath>
      <ModuleTime>2020-11-26T05:23:06Z</ModuleTime>
      <ModuleName>System.Diagnostics.TraceSource</ModuleName>
      <Classes />
    </Module>
    <Module skippedDueTo="MissingPdb" hash="C3-FE-FF-30-12-AF-E9-78-BF-ED-61-7A-D6-D2-E5-02-51-18-B5-1A">
      <ModulePath>C:\Program Files\dotnet\sdk\5.0.101\Microsoft.Build.NuGetSdkResolver.dll</ModulePath>
      <ModuleTime>2020-12-02T04:51:20Z</ModuleTime>
      <ModuleName>Microsoft.Build.NuGetSdkResolver</ModuleName>
      <Classes />
    </Module>
    <Module skippedDueTo="MissingPdb" hash="61-A5-B3-B5-45-89-9B-89-7C-3D-52-CA-88-12-85-44-E6-37-BD-34">
      <ModulePath>C:\Program Files\dotnet\sdk\5.0.101\Microsoft.NET.Sdk.WorkloadMSBuildSdkResolver.dll</ModulePath>
      <ModuleTime>2020-12-02T04:51:28Z</ModuleTime>
      <ModuleName>Microsoft.NET.Sdk.WorkloadMSBuildSdkResolver</ModuleName>
      <Classes />
    </Module>
    <Module skippedDueTo="Filter" hash="E2-EA-08-38-2E-4C-BF-36-AA-C9-11-51-54-6A-B1-48-B0-A5-FD-83">
      <ModulePath>C:\Program Files\dotnet\shared\Microsoft.NETCore.App\5.0.1\System.Diagnostics.FileVersionInfo.dll</ModulePath>
      <ModuleTime>2020-11-26T05:23:06Z</ModuleTime>
      <ModuleName>System.Diagnostics.FileVersionInfo</ModuleName>
      <Classes />
    </Module>
    <Module skippedDueTo="MissingPdb" hash="D4-C1-71-04-6C-CC-AF-94-D4-EB-70-19-1A-D2-55-F2-02-EB-3B-02">
      <ModulePath>C:\Program Files\dotnet\sdk\5.0.101\Microsoft.NET.Sdk.WorkloadManifestReader.dll</ModulePath>
      <ModuleTime>2020-12-02T04:51:26Z</ModuleTime>
      <ModuleName>Microsoft.NET.Sdk.WorkloadManifestReader</ModuleName>
      <Classes />
    </Module>
    <Module skippedDueTo="Filter" hash="66-67-E0-3D-34-24-8F-16-2F-B1-DF-EB-91-FC-64-97-99-1D-5D-5C">
      <ModulePath>C:\Program Files\dotnet\shared\Microsoft.NETCore.App\5.0.1\System.Threading.Tasks.Parallel.dll</ModulePath>
      <ModuleTime>2020-11-26T05:23:26Z</ModuleTime>
      <ModuleName>System.Threading.Tasks.Parallel</ModuleName>
      <Classes />
    </Module>
    <Module skippedDueTo="MissingPdb" hash="15-6E-FB-96-28-7A-E7-F6-2E-2D-2A-98-4A-41-60-B6-06-87-98-05">
      <ModulePath>C:\Program Files\dotnet\sdk\5.0.101\NuGet.Frameworks.dll</ModulePath>
      <ModuleTime>2020-12-02T04:50:46Z</ModuleTime>
      <ModuleName>NuGet.Frameworks</ModuleName>
      <Classes />
    </Module>
    <Module skippedDueTo="Filter" hash="1F-E3-2A-42-E7-D1-BC-57-F0-B8-90-68-C5-9B-9F-FD-60-6A-05-84">
      <ModulePath>C:\Program Files\dotnet\shared\Microsoft.NETCore.App\5.0.1\System.ComponentModel.dll</ModulePath>
      <ModuleTime>2020-11-26T05:23:04Z</ModuleTime>
      <ModuleName>System.ComponentModel</ModuleName>
      <Classes />
    </Module>
    <Module skippedDueTo="MissingPdb" hash="1B-60-E5-76-33-D8-DB-F7-A5-A1-76-AB-F0-39-04-4D-B2-CE-B2-C3">
      <ModulePath>C:\Program Files\dotnet\sdk\5.0.101\Microsoft.Build.Utilities.Core.dll</ModulePath>
      <ModuleTime>2020-12-02T04:51:24Z</ModuleTime>
      <ModuleName>Microsoft.Build.Utilities.Core</ModuleName>
      <Classes />
    </Module>
    <Module skippedDueTo="Filter" hash="1F-E3-2A-42-E7-D1-BC-57-F0-B8-90-68-C5-9B-9F-FD-60-6A-05-84">
      <ModulePath>C:\Program Files\dotnet\shared\Microsoft.NETCore.App\5.0.1\System.ComponentModel.dll</ModulePath>
      <ModuleTime>2020-11-26T05:23:04Z</ModuleTime>
      <ModuleName>System.ComponentModel</ModuleName>
      <Classes />
    </Module>
    <Module skippedDueTo="Filter" hash="64-C9-76-9D-29-99-E6-2D-B3-B1-3D-A1-DE-5D-72-BA-AA-36-7A-01">
      <ModulePath>C:\Program Files\dotnet\shared\Microsoft.NETCore.App\5.0.1\System.Reflection.Emit.ILGeneration.dll</ModulePath>
      <ModuleTime>2020-11-26T05:23:22Z</ModuleTime>
      <ModuleName>System.Reflection.Emit.ILGeneration</ModuleName>
      <Classes />
    </Module>
    <Module skippedDueTo="Filter" hash="39-E7-D5-B2-AA-66-0D-3B-79-2C-8F-58-B5-22-BA-BB-2F-CB-26-A8">
      <ModulePath>C:\Program Files\dotnet\shared\Microsoft.NETCore.App\5.0.1\System.Reflection.Emit.Lightweight.dll</ModulePath>
      <ModuleTime>2020-11-26T05:22:38Z</ModuleTime>
      <ModuleName>System.Reflection.Emit.Lightweight</ModuleName>
      <Classes />
    </Module>
    <Module skippedDueTo="Filter" hash="D0-A1-14-75-FE-AD-72-51-64-67-34-F4-32-83-BB-DA-6C-AE-41-85">
      <ModulePath>C:\Program Files\dotnet\shared\Microsoft.NETCore.App\5.0.1\System.Reflection.Primitives.dll</ModulePath>
      <ModuleTime>2020-11-26T05:23:22Z</ModuleTime>
      <ModuleName>System.Reflection.Primitives</ModuleName>
      <Classes />
    </Module>
    <Module skippedDueTo="MissingPdb" hash="F9-01-83-CC-B0-96-82-76-BF-77-A1-22-3C-D1-45-B1-92-B7-C0-0F">
      <ModulePath>C:\Program Files\dotnet\sdk\5.0.101\Microsoft.Build.Tasks.Core.dll</ModulePath>
      <ModuleTime>2020-12-02T04:51:24Z</ModuleTime>
      <ModuleName>Microsoft.Build.Tasks.Core</ModuleName>
      <Classes />
    </Module>
    <Module skippedDueTo="Filter" hash="AD-4B-4A-6B-C9-8C-9A-91-28-84-87-65-74-EA-21-14-60-64-FF-09">
      <ModulePath>C:\Program Files\dotnet\shared\Microsoft.NETCore.App\5.0.1\System.Threading.ThreadPool.dll</ModulePath>
      <ModuleTime>2020-11-26T05:22:42Z</ModuleTime>
      <ModuleName>System.Threading.ThreadPool</ModuleName>
      <Classes />
    </Module>
    <Module skippedDueTo="MissingPdb" hash="D8-F0-1D-E9-31-78-DE-44-58-5B-4A-1D-DE-F8-1E-1F-73-15-28-DD">
      <ModulePath>C:\Program Files\dotnet\sdk\5.0.101\NuGet.Build.Tasks.dll</ModulePath>
      <ModuleTime>2020-12-02T04:50:42Z</ModuleTime>
      <ModuleName>NuGet.Build.Tasks</ModuleName>
      <Classes />
    </Module>
    <Module skippedDueTo="MissingPdb" hash="0F-28-43-21-FA-D2-4C-82-C1-48-A0-69-03-CD-AF-06-A6-97-0D-CB">
      <ModulePath>C:\Program Files\dotnet\sdk\5.0.101\NuGet.Common.dll</ModulePath>
      <ModuleTime>2020-12-02T04:50:46Z</ModuleTime>
      <ModuleName>NuGet.Common</ModuleName>
      <Classes />
    </Module>
    <Module skippedDueTo="MissingPdb" hash="43-6B-AA-A9-51-BC-5B-F5-F9-5A-5B-28-54-6E-F9-CF-1E-F5-17-6B">
      <ModulePath>C:\Program Files\dotnet\sdk\5.0.101\NuGet.Commands.dll</ModulePath>
      <ModuleTime>2020-12-02T04:50:44Z</ModuleTime>
      <ModuleName>NuGet.Commands</ModuleName>
      <Classes />
    </Module>
    <Module skippedDueTo="MissingPdb" hash="3C-27-29-AC-12-46-64-3E-1B-E4-2F-42-08-25-FC-A0-7D-46-60-86">
      <ModulePath>C:\Program Files\dotnet\sdk\5.0.101\NuGet.ProjectModel.dll</ModulePath>
      <ModuleTime>2020-12-02T04:50:50Z</ModuleTime>
      <ModuleName>NuGet.ProjectModel</ModuleName>
      <Classes />
    </Module>
    <Module skippedDueTo="MissingPdb" hash="3F-E3-46-DB-21-87-3E-75-33-9B-45-53-94-0A-E7-24-36-DF-5D-EB">
      <ModulePath>C:\Program Files\dotnet\sdk\5.0.101\pt-BR\NuGet.Build.Tasks.resources.dll</ModulePath>
      <ModuleTime>2020-10-24T07:30:58Z</ModuleTime>
      <ModuleName>NuGet.Build.Tasks.resources</ModuleName>
      <Classes />
    </Module>
    <Module skippedDueTo="Filter" hash="38-12-7D-99-4D-48-3D-FD-A1-0A-C5-6B-AA-70-2A-86-A6-15-81-D6">
      <ModulePath>C:\Program Files\dotnet\shared\Microsoft.NETCore.App\5.0.1\System.IO.Pipes.dll</ModulePath>
      <ModuleTime>2020-11-26T05:22:42Z</ModuleTime>
      <ModuleName>System.IO.Pipes</ModuleName>
      <Classes />
    </Module>
    <Module skippedDueTo="Filter" hash="9E-8A-E3-82-1B-DC-B9-5E-6E-B3-DB-A2-88-EF-8C-25-74-82-D4-FC">
      <ModulePath>C:\Program Files\dotnet\shared\Microsoft.NETCore.App\5.0.1\System.Private.CoreLib.dll</ModulePath>
      <ModuleTime>2020-11-26T05:19:10Z</ModuleTime>
      <ModuleName>System.Private.CoreLib</ModuleName>
      <Classes />
    </Module>
    <Module skippedDueTo="MissingPdb" hash="66-75-FA-E5-47-10-60-33-49-14-A3-A2-84-EA-CD-98-61-86-56-C9">
      <ModulePath>C:\Program Files\dotnet\sdk\5.0.101\MSBuild.dll</ModulePath>
      <ModuleTime>2020-12-02T04:50:50Z</ModuleTime>
      <ModuleName>MSBuild</ModuleName>
      <Classes />
    </Module>
    <Module skippedDueTo="Filter" hash="2C-27-F2-9A-19-38-D9-2E-A0-A6-75-F0-5B-49-8C-E5-CB-FA-EE-5D">
      <ModulePath>C:\Program Files\dotnet\shared\Microsoft.NETCore.App\5.0.1\System.Runtime.dll</ModulePath>
      <ModuleTime>2020-11-26T05:22:38Z</ModuleTime>
      <ModuleName>System.Runtime</ModuleName>
      <Classes />
    </Module>
    <Module skippedDueTo="Filter" hash="88-0A-71-93-FB-FB-1B-A5-A0-8D-BC-76-FC-3D-74-FB-A4-05-B2-51">
      <ModulePath>C:\Program Files\dotnet\shared\Microsoft.NETCore.App\5.0.1\System.Runtime.Extensions.dll</ModulePath>
      <ModuleTime>2020-11-26T05:22:38Z</ModuleTime>
      <ModuleName>System.Runtime.Extensions</ModuleName>
      <Classes />
    </Module>
    <Module skippedDueTo="Filter" hash="98-F3-6B-70-C7-F7-3C-86-E9-35-6E-24-62-E9-07-F7-4D-FB-46-37">
      <ModulePath>C:\Program Files\dotnet\shared\Microsoft.NETCore.App\5.0.1\System.Threading.dll</ModulePath>
      <ModuleTime>2020-11-26T05:22:40Z</ModuleTime>
      <ModuleName>System.Threading</ModuleName>
      <Classes />
    </Module>
    <Module skippedDueTo="Filter" hash="BF-8E-EB-92-9D-56-02-50-E2-2F-FD-BA-B3-D6-EB-76-85-A9-52-C5">
      <ModulePath>C:\Program Files\dotnet\shared\Microsoft.NETCore.App\5.0.1\System.Threading.Tasks.dll</ModulePath>
      <ModuleTime>2020-11-26T05:23:26Z</ModuleTime>
      <ModuleName>System.Threading.Tasks</ModuleName>
      <Classes />
    </Module>
    <Module skippedDueTo="MissingPdb" hash="4F-75-0D-47-4A-21-D1-5B-52-A9-11-A8-3A-37-7A-28-D1-A7-9C-07">
      <ModulePath>C:\Program Files\dotnet\sdk\5.0.101\Microsoft.Build.Framework.dll</ModulePath>
      <ModuleTime>2020-12-02T04:51:20Z</ModuleTime>
      <ModuleName>Microsoft.Build.Framework</ModuleName>
      <Classes />
    </Module>
    <Module skippedDueTo="MissingPdb" hash="91-93-E6-A4-B3-80-5C-69-16-36-A2-70-9A-20-D8-93-A8-8C-0B-85">
      <ModulePath>C:\Program Files\dotnet\shared\Microsoft.NETCore.App\5.0.1\netstandard.dll</ModulePath>
      <ModuleTime>2020-11-26T05:23:04Z</ModuleTime>
      <ModuleName>netstandard</ModuleName>
      <Classes />
    </Module>
    <Module skippedDueTo="Filter" hash="BA-F4-ED-D7-13-C8-55-40-22-7B-A8-6E-36-DD-E1-0C-CE-64-D4-2E">
      <ModulePath>C:\Program Files\dotnet\shared\Microsoft.NETCore.App\5.0.1\System.Runtime.InteropServices.RuntimeInformation.dll</ModulePath>
      <ModuleTime>2020-11-26T05:23:24Z</ModuleTime>
      <ModuleName>System.Runtime.InteropServices.RuntimeInformation</ModuleName>
      <Classes />
    </Module>
    <Module skippedDueTo="Filter" hash="B9-04-BB-1F-47-59-AE-55-36-7D-BD-CD-78-EC-CD-54-46-F1-29-01">
      <ModulePath>C:\Program Files\dotnet\shared\Microsoft.NETCore.App\5.0.1\System.Diagnostics.Process.dll</ModulePath>
      <ModuleTime>2020-11-26T05:22:40Z</ModuleTime>
      <ModuleName>System.Diagnostics.Process</ModuleName>
      <Classes />
    </Module>
    <Module skippedDueTo="Filter" hash="30-71-D6-A1-76-1A-E7-30-27-9C-C0-91-B0-21-96-E0-03-EC-EB-2E">
      <ModulePath>C:\Program Files\dotnet\shared\Microsoft.NETCore.App\5.0.1\System.ComponentModel.Primitives.dll</ModulePath>
      <ModuleTime>2020-11-26T05:23:06Z</ModuleTime>
      <ModuleName>System.ComponentModel.Primitives</ModuleName>
      <Classes />
    </Module>
    <Module skippedDueTo="Filter" hash="8C-24-21-2C-83-C8-21-70-14-70-D5-BB-EE-B7-B7-AF-C2-6D-77-94">
      <ModulePath>C:\Program Files\dotnet\shared\Microsoft.NETCore.App\5.0.1\System.Linq.dll</ModulePath>
      <ModuleTime>2020-11-26T05:23:10Z</ModuleTime>
      <ModuleName>System.Linq</ModuleName>
      <Classes />
    </Module>
    <Module skippedDueTo="Filter" hash="44-DC-6B-27-C6-47-64-23-C0-9F-CD-73-31-B9-89-20-A5-D6-EC-5D">
      <ModulePath>C:\Program Files\dotnet\shared\Microsoft.NETCore.App\5.0.1\System.Text.RegularExpressions.dll</ModulePath>
      <ModuleTime>2020-11-26T05:23:26Z</ModuleTime>
      <ModuleName>System.Text.RegularExpressions</ModuleName>
      <Classes />
    </Module>
    <Module skippedDueTo="Filter" hash="C5-4E-0B-D5-3C-85-C7-AB-12-CB-9C-34-80-EF-51-87-86-38-25-BD">
      <ModulePath>C:\Program Files\dotnet\shared\Microsoft.NETCore.App\5.0.1\System.Collections.Concurrent.dll</ModulePath>
      <ModuleTime>2020-11-26T05:23:04Z</ModuleTime>
      <ModuleName>System.Collections.Concurrent</ModuleName>
      <Classes />
    </Module>
    <Module skippedDueTo="Filter" hash="24-5D-A5-72-4B-33-83-A9-79-8D-1B-E4-99-E0-73-AC-22-ED-61-AE">
      <ModulePath>C:\Program Files\dotnet\shared\Microsoft.NETCore.App\5.0.1\System.Collections.dll</ModulePath>
      <ModuleTime>2020-11-26T05:23:30Z</ModuleTime>
      <ModuleName>System.Collections</ModuleName>
      <Classes />
    </Module>
    <Module skippedDueTo="Filter" hash="CC-1E-3F-5D-55-55-4D-9F-E5-9B-55-4B-E6-35-5C-A0-C8-97-3B-22">
      <ModulePath>C:\Program Files\dotnet\shared\Microsoft.NETCore.App\5.0.1\System.Memory.dll</ModulePath>
      <ModuleTime>2020-11-26T05:24:08Z</ModuleTime>
      <ModuleName>System.Memory</ModuleName>
      <Classes />
    </Module>
    <Module skippedDueTo="Filter" hash="EF-75-C6-B7-D8-E4-F9-36-A6-E5-11-A8-9B-87-B4-B2-20-76-2F-E1">
      <ModulePath>C:\Program Files\dotnet\shared\Microsoft.NETCore.App\5.0.1\System.IO.FileSystem.dll</ModulePath>
      <ModuleTime>2020-11-26T05:23:08Z</ModuleTime>
      <ModuleName>System.IO.FileSystem</ModuleName>
      <Classes />
    </Module>
    <Module skippedDueTo="Filter" hash="38-CE-15-CF-27-7A-FC-59-85-86-C7-94-CD-07-2F-85-73-24-05-29">
      <ModulePath>C:\Program Files\dotnet\shared\Microsoft.NETCore.App\5.0.1\System.Runtime.InteropServices.dll</ModulePath>
      <ModuleTime>2020-11-26T05:22:38Z</ModuleTime>
      <ModuleName>System.Runtime.InteropServices</ModuleName>
      <Classes />
    </Module>
    <Module skippedDueTo="Filter" hash="32-37-51-CE-0E-37-4D-DC-D7-AA-46-FD-E0-C7-47-8D-52-CA-79-B5">
      <ModulePath>C:\Program Files\dotnet\shared\Microsoft.NETCore.App\5.0.1\System.Console.dll</ModulePath>
      <ModuleTime>2020-11-26T05:23:30Z</ModuleTime>
      <ModuleName>System.Console</ModuleName>
      <Classes />
    </Module>
    <Module skippedDueTo="MissingPdb" hash="F1-F2-57-CB-4E-4E-85-4A-40-EA-2F-34-B1-E5-77-AF-ED-91-72-5C">
      <ModulePath>C:\Program Files\dotnet\sdk\5.0.101\Microsoft.Build.dll</ModulePath>
      <ModuleTime>2020-12-02T04:51:22Z</ModuleTime>
      <ModuleName>Microsoft.Build</ModuleName>
      <Classes />
    </Module>
    <Module skippedDueTo="Filter" hash="93-1C-2D-DB-EE-CB-2C-50-60-DC-2B-A2-F5-BA-46-0A-38-C9-1F-BC">
      <ModulePath>C:\Program Files\dotnet\shared\Microsoft.NETCore.App\5.0.1\System.Diagnostics.Debug.dll</ModulePath>
      <ModuleTime>2020-11-26T05:23:08Z</ModuleTime>
      <ModuleName>System.Diagnostics.Debug</ModuleName>
      <Classes />
    </Module>
    <Module skippedDueTo="Filter" hash="5A-F1-4E-7B-0B-4F-CC-53-17-E4-FB-0C-33-94-ED-1B-AA-6D-9A-26">
      <ModulePath>C:\Program Files\dotnet\shared\Microsoft.NETCore.App\5.0.1\System.Diagnostics.Tracing.dll</ModulePath>
      <ModuleTime>2020-11-26T05:23:06Z</ModuleTime>
      <ModuleName>System.Diagnostics.Tracing</ModuleName>
      <Classes />
    </Module>
    <Module skippedDueTo="MissingPdb" hash="A6-46-E2-1C-61-D2-48-F0-BA-7E-AE-76-D4-6C-74-D5-34-97-CA-1E">
      <ModulePath>C:\Program Files\dotnet\shared\Microsoft.NETCore.App\5.0.1\Microsoft.Win32.Primitives.dll</ModulePath>
      <ModuleTime>2020-11-26T05:22:38Z</ModuleTime>
      <ModuleName>Microsoft.Win32.Primitives</ModuleName>
      <Classes />
    </Module>
    <Module skippedDueTo="Filter" hash="CB-81-6B-86-6D-D6-EB-F8-13-08-10-2C-9C-43-A5-81-6E-46-6A-22">
      <ModulePath>C:\Program Files\dotnet\shared\Microsoft.NETCore.App\5.0.1\System.Text.Encoding.CodePages.dll</ModulePath>
      <ModuleTime>2020-11-26T05:23:24Z</ModuleTime>
      <ModuleName>System.Text.Encoding.CodePages</ModuleName>
      <Classes />
    </Module>
    <Module skippedDueTo="Filter" hash="38-12-7D-99-4D-48-3D-FD-A1-0A-C5-6B-AA-70-2A-86-A6-15-81-D6">
      <ModulePath>C:\Program Files\dotnet\shared\Microsoft.NETCore.App\5.0.1\System.IO.Pipes.dll</ModulePath>
      <ModuleTime>2020-11-26T05:22:42Z</ModuleTime>
      <ModuleName>System.IO.Pipes</ModuleName>
      <Classes />
    </Module>
    <Module skippedDueTo="Filter" hash="75-4F-E4-13-98-8D-96-14-98-33-4F-45-50-32-07-65-7E-61-3F-A3">
      <ModulePath>C:\Program Files\dotnet\shared\Microsoft.NETCore.App\5.0.1\System.Text.Encoding.Extensions.dll</ModulePath>
      <ModuleTime>2020-11-26T05:22:40Z</ModuleTime>
      <ModuleName>System.Text.Encoding.Extensions</ModuleName>
      <Classes />
    </Module>
    <Module skippedDueTo="Filter" hash="68-8A-7B-02-00-8A-9A-6E-D7-7D-D7-82-1E-29-99-0C-A3-6E-D2-4D">
      <ModulePath>C:\Program Files\dotnet\shared\Microsoft.NETCore.App\5.0.1\System.Security.AccessControl.dll</ModulePath>
      <ModuleTime>2020-11-26T05:22:40Z</ModuleTime>
      <ModuleName>System.Security.AccessControl</ModuleName>
      <Classes />
    </Module>
    <Module skippedDueTo="Filter" hash="AC-87-73-CC-0C-DD-DD-3B-39-5E-E1-56-58-CD-77-2E-D2-22-CF-DF">
      <ModulePath>C:\Program Files\dotnet\shared\Microsoft.NETCore.App\5.0.1\System.Security.Principal.Windows.dll</ModulePath>
      <ModuleTime>2020-11-26T05:23:26Z</ModuleTime>
      <ModuleName>System.Security.Principal.Windows</ModuleName>
      <Classes />
    </Module>
    <Module skippedDueTo="Filter" hash="EA-4B-4D-F2-39-DC-7D-EF-51-C0-BB-81-C6-E3-29-86-01-04-6A-A4">
      <ModulePath>C:\Program Files\dotnet\shared\Microsoft.NETCore.App\5.0.1\System.Security.Claims.dll</ModulePath>
      <ModuleTime>2020-11-26T05:22:40Z</ModuleTime>
      <ModuleName>System.Security.Claims</ModuleName>
      <Classes />
    </Module>
    <Module skippedDueTo="Filter" hash="75-42-DF-DC-36-23-09-29-3F-E9-7B-A8-A6-57-C3-96-A4-5B-2A-89">
      <ModulePath>C:\Program Files\dotnet\shared\Microsoft.NETCore.App\5.0.1\System.Threading.Overlapped.dll</ModulePath>
      <ModuleTime>2020-11-26T05:23:26Z</ModuleTime>
      <ModuleName>System.Threading.Overlapped</ModuleName>
      <Classes />
    </Module>
    <Module skippedDueTo="Filter" hash="17-AA-F2-B7-5D-DC-63-65-32-5B-7B-20-82-36-48-12-EA-CE-34-13">
      <ModulePath>C:\Program Files\dotnet\shared\Microsoft.NETCore.App\5.0.1\System.Threading.Thread.dll</ModulePath>
      <ModuleTime>2020-11-26T05:23:26Z</ModuleTime>
      <ModuleName>System.Threading.Thread</ModuleName>
      <Classes />
    </Module>
    <Module skippedDueTo="Filter" hash="75-42-DF-DC-36-23-09-29-3F-E9-7B-A8-A6-57-C3-96-A4-5B-2A-89">
      <ModulePath>C:\Program Files\dotnet\shared\Microsoft.NETCore.App\5.0.1\System.Threading.Overlapped.dll</ModulePath>
      <ModuleTime>2020-11-26T05:23:26Z</ModuleTime>
      <ModuleName>System.Threading.Overlapped</ModuleName>
      <Classes />
    </Module>
    <Module skippedDueTo="Filter" hash="68-8A-7B-02-00-8A-9A-6E-D7-7D-D7-82-1E-29-99-0C-A3-6E-D2-4D">
      <ModulePath>C:\Program Files\dotnet\shared\Microsoft.NETCore.App\5.0.1\System.Security.AccessControl.dll</ModulePath>
      <ModuleTime>2020-11-26T05:22:40Z</ModuleTime>
      <ModuleName>System.Security.AccessControl</ModuleName>
      <Classes />
    </Module>
    <Module skippedDueTo="Filter" hash="AC-87-73-CC-0C-DD-DD-3B-39-5E-E1-56-58-CD-77-2E-D2-22-CF-DF">
      <ModulePath>C:\Program Files\dotnet\shared\Microsoft.NETCore.App\5.0.1\System.Security.Principal.Windows.dll</ModulePath>
      <ModuleTime>2020-11-26T05:23:26Z</ModuleTime>
      <ModuleName>System.Security.Principal.Windows</ModuleName>
      <Classes />
    </Module>
    <Module skippedDueTo="Filter" hash="E2-EA-08-38-2E-4C-BF-36-AA-C9-11-51-54-6A-B1-48-B0-A5-FD-83">
      <ModulePath>C:\Program Files\dotnet\shared\Microsoft.NETCore.App\5.0.1\System.Diagnostics.FileVersionInfo.dll</ModulePath>
      <ModuleTime>2020-11-26T05:23:06Z</ModuleTime>
      <ModuleName>System.Diagnostics.FileVersionInfo</ModuleName>
      <Classes />
    </Module>
    <Module skippedDueTo="Filter" hash="EA-4B-4D-F2-39-DC-7D-EF-51-C0-BB-81-C6-E3-29-86-01-04-6A-A4">
      <ModulePath>C:\Program Files\dotnet\shared\Microsoft.NETCore.App\5.0.1\System.Security.Claims.dll</ModulePath>
      <ModuleTime>2020-11-26T05:22:40Z</ModuleTime>
      <ModuleName>System.Security.Claims</ModuleName>
      <Classes />
    </Module>
    <Module skippedDueTo="Filter" hash="6B-A8-9A-7A-EC-3B-16-3D-9A-91-D2-01-C2-C4-59-F1-AC-4A-83-4E">
      <ModulePath>C:\Program Files\dotnet\shared\Microsoft.NETCore.App\5.0.1\System.ObjectModel.dll</ModulePath>
      <ModuleTime>2020-11-26T05:22:38Z</ModuleTime>
      <ModuleName>System.ObjectModel</ModuleName>
      <Classes />
    </Module>
    <Module skippedDueTo="Filter" hash="9E-8A-E3-82-1B-DC-B9-5E-6E-B3-DB-A2-88-EF-8C-25-74-82-D4-FC">
      <ModulePath>C:\Program Files\dotnet\shared\Microsoft.NETCore.App\5.0.1\System.Private.CoreLib.dll</ModulePath>
      <ModuleTime>2020-11-26T05:19:10Z</ModuleTime>
      <ModuleName>System.Private.CoreLib</ModuleName>
      <Classes />
    </Module>
    <Module skippedDueTo="Filter" hash="3A-84-7F-46-58-21-AE-68-2B-B5-9A-55-DE-BF-48-68-0F-09-F3-14">
      <ModulePath>C:\Program Files\dotnet\shared\Microsoft.NETCore.App\5.0.1\System.Threading.Tasks.Dataflow.dll</ModulePath>
      <ModuleTime>2020-11-26T05:23:50Z</ModuleTime>
      <ModuleName>System.Threading.Tasks.Dataflow</ModuleName>
      <Classes />
    </Module>
    <Module skippedDueTo="Filter" hash="B0-4D-D5-E8-70-6D-7B-2B-FB-7E-E8-23-59-47-98-3A-DA-F8-17-AF">
      <ModulePath>C:\Program Files\dotnet\shared\Microsoft.NETCore.App\5.0.1\System.Runtime.Loader.dll</ModulePath>
      <ModuleTime>2020-11-26T05:22:38Z</ModuleTime>
      <ModuleName>System.Runtime.Loader</ModuleName>
      <Classes />
    </Module>
    <Module skippedDueTo="MissingPdb" hash="66-75-FA-E5-47-10-60-33-49-14-A3-A2-84-EA-CD-98-61-86-56-C9">
      <ModulePath>C:\Program Files\dotnet\sdk\5.0.101\MSBuild.dll</ModulePath>
      <ModuleTime>2020-12-02T04:50:50Z</ModuleTime>
      <ModuleName>MSBuild</ModuleName>
      <Classes />
    </Module>
    <Module skippedDueTo="Filter" hash="2C-27-F2-9A-19-38-D9-2E-A0-A6-75-F0-5B-49-8C-E5-CB-FA-EE-5D">
      <ModulePath>C:\Program Files\dotnet\shared\Microsoft.NETCore.App\5.0.1\System.Runtime.dll</ModulePath>
      <ModuleTime>2020-11-26T05:22:38Z</ModuleTime>
      <ModuleName>System.Runtime</ModuleName>
      <Classes />
    </Module>
    <Module skippedDueTo="MissingPdb" hash="D6-8B-D5-04-BB-42-04-4D-5B-32-EC-42-AE-E0-D7-D7-E9-3C-24-0B">
      <ModulePath>C:\Program Files\dotnet\sdk\5.0.101\dotnet.dll</ModulePath>
      <ModuleTime>2020-12-02T04:51:20Z</ModuleTime>
      <ModuleName>dotnet</ModuleName>
      <Classes />
    </Module>
    <Module skippedDueTo="Filter" hash="69-D2-17-1E-15-D0-3A-2E-06-51-96-E1-38-99-0E-19-DB-D0-99-86">
      <ModulePath>C:\Program Files\dotnet\shared\Microsoft.NETCore.App\5.0.1\System.Collections.Immutable.dll</ModulePath>
      <ModuleTime>2020-11-26T05:22:38Z</ModuleTime>
      <ModuleName>System.Collections.Immutable</ModuleName>
      <Classes />
    </Module>
    <Module skippedDueTo="Filter" hash="88-0A-71-93-FB-FB-1B-A5-A0-8D-BC-76-FC-3D-74-FB-A4-05-B2-51">
      <ModulePath>C:\Program Files\dotnet\shared\Microsoft.NETCore.App\5.0.1\System.Runtime.Extensions.dll</ModulePath>
      <ModuleTime>2020-11-26T05:22:38Z</ModuleTime>
      <ModuleName>System.Runtime.Extensions</ModuleName>
      <Classes />
    </Module>
    <Module skippedDueTo="Filter" hash="98-F3-6B-70-C7-F7-3C-86-E9-35-6E-24-62-E9-07-F7-4D-FB-46-37">
      <ModulePath>C:\Program Files\dotnet\shared\Microsoft.NETCore.App\5.0.1\System.Threading.dll</ModulePath>
      <ModuleTime>2020-11-26T05:22:40Z</ModuleTime>
      <ModuleName>System.Threading</ModuleName>
      <Classes />
    </Module>
    <Module skippedDueTo="Filter" hash="BF-8E-EB-92-9D-56-02-50-E2-2F-FD-BA-B3-D6-EB-76-85-A9-52-C5">
      <ModulePath>C:\Program Files\dotnet\shared\Microsoft.NETCore.App\5.0.1\System.Threading.Tasks.dll</ModulePath>
      <ModuleTime>2020-11-26T05:23:26Z</ModuleTime>
      <ModuleName>System.Threading.Tasks</ModuleName>
      <Classes />
    </Module>
    <Module skippedDueTo="MissingPdb" hash="4F-75-0D-47-4A-21-D1-5B-52-A9-11-A8-3A-37-7A-28-D1-A7-9C-07">
      <ModulePath>C:\Program Files\dotnet\sdk\5.0.101\Microsoft.Build.Framework.dll</ModulePath>
      <ModuleTime>2020-12-02T04:51:20Z</ModuleTime>
      <ModuleName>Microsoft.Build.Framework</ModuleName>
      <Classes />
    </Module>
    <Module skippedDueTo="MissingPdb" hash="91-93-E6-A4-B3-80-5C-69-16-36-A2-70-9A-20-D8-93-A8-8C-0B-85">
      <ModulePath>C:\Program Files\dotnet\shared\Microsoft.NETCore.App\5.0.1\netstandard.dll</ModulePath>
      <ModuleTime>2020-11-26T05:23:04Z</ModuleTime>
      <ModuleName>netstandard</ModuleName>
      <Classes />
    </Module>
    <Module skippedDueTo="MissingPdb" hash="3E-99-1D-D9-E5-76-F9-C7-6D-AD-E4-DB-0B-00-A0-F5-AB-B8-AA-9A">
      <ModulePath>C:\Program Files\dotnet\sdk\5.0.101\Microsoft.DotNet.Configurer.dll</ModulePath>
      <ModuleTime>2020-12-02T04:51:26Z</ModuleTime>
      <ModuleName>Microsoft.DotNet.Configurer</ModuleName>
      <Classes />
    </Module>
    <Module skippedDueTo="Filter" hash="F9-FC-2F-83-A3-7D-CC-37-EF-88-E0-12-1F-49-3C-D6-BE-41-AB-54">
      <ModulePath>C:\Program Files\dotnet\shared\Microsoft.NETCore.App\5.0.1\System.Resources.ResourceManager.dll</ModulePath>
      <ModuleTime>2020-11-26T05:22:38Z</ModuleTime>
      <ModuleName>System.Resources.ResourceManager</ModuleName>
      <Classes />
    </Module>
    <Module skippedDueTo="MissingPdb" hash="B1-1A-2D-44-BE-D5-59-0D-92-DD-13-1F-F2-53-B5-8E-D3-A1-F2-63">
      <ModulePath>C:\Program Files\dotnet\sdk\5.0.101\pt-BR\Microsoft.Build.resources.dll</ModulePath>
      <ModuleTime>2020-10-20T23:39:36Z</ModuleTime>
      <ModuleName>Microsoft.Build.resources</ModuleName>
      <Classes />
    </Module>
    <Module skippedDueTo="Filter" hash="BA-F4-ED-D7-13-C8-55-40-22-7B-A8-6E-36-DD-E1-0C-CE-64-D4-2E">
      <ModulePath>C:\Program Files\dotnet\shared\Microsoft.NETCore.App\5.0.1\System.Runtime.InteropServices.RuntimeInformation.dll</ModulePath>
      <ModuleTime>2020-11-26T05:23:24Z</ModuleTime>
      <ModuleName>System.Runtime.InteropServices.RuntimeInformation</ModuleName>
      <Classes />
    </Module>
    <Module skippedDueTo="Filter" hash="B9-04-BB-1F-47-59-AE-55-36-7D-BD-CD-78-EC-CD-54-46-F1-29-01">
      <ModulePath>C:\Program Files\dotnet\shared\Microsoft.NETCore.App\5.0.1\System.Diagnostics.Process.dll</ModulePath>
      <ModuleTime>2020-11-26T05:22:40Z</ModuleTime>
      <ModuleName>System.Diagnostics.Process</ModuleName>
      <Classes />
    </Module>
    <Module skippedDueTo="Filter" hash="30-71-D6-A1-76-1A-E7-30-27-9C-C0-91-B0-21-96-E0-03-EC-EB-2E">
      <ModulePath>C:\Program Files\dotnet\shared\Microsoft.NETCore.App\5.0.1\System.ComponentModel.Primitives.dll</ModulePath>
      <ModuleTime>2020-11-26T05:23:06Z</ModuleTime>
      <ModuleName>System.ComponentModel.Primitives</ModuleName>
      <Classes />
    </Module>
    <Module skippedDueTo="Filter" hash="8C-24-21-2C-83-C8-21-70-14-70-D5-BB-EE-B7-B7-AF-C2-6D-77-94">
      <ModulePath>C:\Program Files\dotnet\shared\Microsoft.NETCore.App\5.0.1\System.Linq.dll</ModulePath>
      <ModuleTime>2020-11-26T05:23:10Z</ModuleTime>
      <ModuleName>System.Linq</ModuleName>
      <Classes />
    </Module>
    <Module skippedDueTo="Filter" hash="44-DC-6B-27-C6-47-64-23-C0-9F-CD-73-31-B9-89-20-A5-D6-EC-5D">
      <ModulePath>C:\Program Files\dotnet\shared\Microsoft.NETCore.App\5.0.1\System.Text.RegularExpressions.dll</ModulePath>
      <ModuleTime>2020-11-26T05:23:26Z</ModuleTime>
      <ModuleName>System.Text.RegularExpressions</ModuleName>
      <Classes />
    </Module>
    <Module skippedDueTo="Filter" hash="C5-4E-0B-D5-3C-85-C7-AB-12-CB-9C-34-80-EF-51-87-86-38-25-BD">
      <ModulePath>C:\Program Files\dotnet\shared\Microsoft.NETCore.App\5.0.1\System.Collections.Concurrent.dll</ModulePath>
      <ModuleTime>2020-11-26T05:23:04Z</ModuleTime>
      <ModuleName>System.Collections.Concurrent</ModuleName>
      <Classes />
    </Module>
    <Module skippedDueTo="Filter" hash="24-5D-A5-72-4B-33-83-A9-79-8D-1B-E4-99-E0-73-AC-22-ED-61-AE">
      <ModulePath>C:\Program Files\dotnet\shared\Microsoft.NETCore.App\5.0.1\System.Collections.dll</ModulePath>
      <ModuleTime>2020-11-26T05:23:30Z</ModuleTime>
      <ModuleName>System.Collections</ModuleName>
      <Classes />
    </Module>
    <Module skippedDueTo="Filter" hash="CC-1E-3F-5D-55-55-4D-9F-E5-9B-55-4B-E6-35-5C-A0-C8-97-3B-22">
      <ModulePath>C:\Program Files\dotnet\shared\Microsoft.NETCore.App\5.0.1\System.Memory.dll</ModulePath>
      <ModuleTime>2020-11-26T05:24:08Z</ModuleTime>
      <ModuleName>System.Memory</ModuleName>
      <Classes />
    </Module>
    <Module skippedDueTo="Filter" hash="EF-75-C6-B7-D8-E4-F9-36-A6-E5-11-A8-9B-87-B4-B2-20-76-2F-E1">
      <ModulePath>C:\Program Files\dotnet\shared\Microsoft.NETCore.App\5.0.1\System.IO.FileSystem.dll</ModulePath>
      <ModuleTime>2020-11-26T05:23:08Z</ModuleTime>
      <ModuleName>System.IO.FileSystem</ModuleName>
      <Classes />
    </Module>
    <Module skippedDueTo="Filter" hash="38-CE-15-CF-27-7A-FC-59-85-86-C7-94-CD-07-2F-85-73-24-05-29">
      <ModulePath>C:\Program Files\dotnet\shared\Microsoft.NETCore.App\5.0.1\System.Runtime.InteropServices.dll</ModulePath>
      <ModuleTime>2020-11-26T05:22:38Z</ModuleTime>
      <ModuleName>System.Runtime.InteropServices</ModuleName>
      <Classes />
    </Module>
    <Module skippedDueTo="Filter" hash="32-37-51-CE-0E-37-4D-DC-D7-AA-46-FD-E0-C7-47-8D-52-CA-79-B5">
      <ModulePath>C:\Program Files\dotnet\shared\Microsoft.NETCore.App\5.0.1\System.Console.dll</ModulePath>
      <ModuleTime>2020-11-26T05:23:30Z</ModuleTime>
      <ModuleName>System.Console</ModuleName>
      <Classes />
    </Module>
    <Module skippedDueTo="MissingPdb" hash="F1-F2-57-CB-4E-4E-85-4A-40-EA-2F-34-B1-E5-77-AF-ED-91-72-5C">
      <ModulePath>C:\Program Files\dotnet\sdk\5.0.101\Microsoft.Build.dll</ModulePath>
      <ModuleTime>2020-12-02T04:51:22Z</ModuleTime>
      <ModuleName>Microsoft.Build</ModuleName>
      <Classes />
    </Module>
    <Module skippedDueTo="Filter" hash="93-1C-2D-DB-EE-CB-2C-50-60-DC-2B-A2-F5-BA-46-0A-38-C9-1F-BC">
      <ModulePath>C:\Program Files\dotnet\shared\Microsoft.NETCore.App\5.0.1\System.Diagnostics.Debug.dll</ModulePath>
      <ModuleTime>2020-11-26T05:23:08Z</ModuleTime>
      <ModuleName>System.Diagnostics.Debug</ModuleName>
      <Classes />
    </Module>
    <Module skippedDueTo="Filter" hash="5A-F1-4E-7B-0B-4F-CC-53-17-E4-FB-0C-33-94-ED-1B-AA-6D-9A-26">
      <ModulePath>C:\Program Files\dotnet\shared\Microsoft.NETCore.App\5.0.1\System.Diagnostics.Tracing.dll</ModulePath>
      <ModuleTime>2020-11-26T05:23:06Z</ModuleTime>
      <ModuleName>System.Diagnostics.Tracing</ModuleName>
      <Classes />
    </Module>
    <Module skippedDueTo="MissingPdb" hash="A6-46-E2-1C-61-D2-48-F0-BA-7E-AE-76-D4-6C-74-D5-34-97-CA-1E">
      <ModulePath>C:\Program Files\dotnet\shared\Microsoft.NETCore.App\5.0.1\Microsoft.Win32.Primitives.dll</ModulePath>
      <ModuleTime>2020-11-26T05:22:38Z</ModuleTime>
      <ModuleName>Microsoft.Win32.Primitives</ModuleName>
      <Classes />
    </Module>
    <Module skippedDueTo="Filter" hash="CB-81-6B-86-6D-D6-EB-F8-13-08-10-2C-9C-43-A5-81-6E-46-6A-22">
      <ModulePath>C:\Program Files\dotnet\shared\Microsoft.NETCore.App\5.0.1\System.Text.Encoding.CodePages.dll</ModulePath>
      <ModuleTime>2020-11-26T05:23:24Z</ModuleTime>
      <ModuleName>System.Text.Encoding.CodePages</ModuleName>
      <Classes />
    </Module>
    <Module skippedDueTo="Filter" hash="38-12-7D-99-4D-48-3D-FD-A1-0A-C5-6B-AA-70-2A-86-A6-15-81-D6">
      <ModulePath>C:\Program Files\dotnet\shared\Microsoft.NETCore.App\5.0.1\System.IO.Pipes.dll</ModulePath>
      <ModuleTime>2020-11-26T05:22:42Z</ModuleTime>
      <ModuleName>System.IO.Pipes</ModuleName>
      <Classes />
    </Module>
    <Module skippedDueTo="Filter" hash="75-4F-E4-13-98-8D-96-14-98-33-4F-45-50-32-07-65-7E-61-3F-A3">
      <ModulePath>C:\Program Files\dotnet\shared\Microsoft.NETCore.App\5.0.1\System.Text.Encoding.Extensions.dll</ModulePath>
      <ModuleTime>2020-11-26T05:22:40Z</ModuleTime>
      <ModuleName>System.Text.Encoding.Extensions</ModuleName>
      <Classes />
    </Module>
    <Module skippedDueTo="Filter" hash="68-8A-7B-02-00-8A-9A-6E-D7-7D-D7-82-1E-29-99-0C-A3-6E-D2-4D">
      <ModulePath>C:\Program Files\dotnet\shared\Microsoft.NETCore.App\5.0.1\System.Security.AccessControl.dll</ModulePath>
      <ModuleTime>2020-11-26T05:22:40Z</ModuleTime>
      <ModuleName>System.Security.AccessControl</ModuleName>
      <Classes />
    </Module>
    <Module skippedDueTo="Filter" hash="AC-87-73-CC-0C-DD-DD-3B-39-5E-E1-56-58-CD-77-2E-D2-22-CF-DF">
      <ModulePath>C:\Program Files\dotnet\shared\Microsoft.NETCore.App\5.0.1\System.Security.Principal.Windows.dll</ModulePath>
      <ModuleTime>2020-11-26T05:23:26Z</ModuleTime>
      <ModuleName>System.Security.Principal.Windows</ModuleName>
      <Classes />
    </Module>
    <Module skippedDueTo="Filter" hash="EA-4B-4D-F2-39-DC-7D-EF-51-C0-BB-81-C6-E3-29-86-01-04-6A-A4">
      <ModulePath>C:\Program Files\dotnet\shared\Microsoft.NETCore.App\5.0.1\System.Security.Claims.dll</ModulePath>
      <ModuleTime>2020-11-26T05:22:40Z</ModuleTime>
      <ModuleName>System.Security.Claims</ModuleName>
      <Classes />
    </Module>
    <Module skippedDueTo="Filter" hash="75-42-DF-DC-36-23-09-29-3F-E9-7B-A8-A6-57-C3-96-A4-5B-2A-89">
      <ModulePath>C:\Program Files\dotnet\shared\Microsoft.NETCore.App\5.0.1\System.Threading.Overlapped.dll</ModulePath>
      <ModuleTime>2020-11-26T05:23:26Z</ModuleTime>
      <ModuleName>System.Threading.Overlapped</ModuleName>
      <Classes />
    </Module>
    <Module skippedDueTo="Filter" hash="17-AA-F2-B7-5D-DC-63-65-32-5B-7B-20-82-36-48-12-EA-CE-34-13">
      <ModulePath>C:\Program Files\dotnet\shared\Microsoft.NETCore.App\5.0.1\System.Threading.Thread.dll</ModulePath>
      <ModuleTime>2020-11-26T05:23:26Z</ModuleTime>
      <ModuleName>System.Threading.Thread</ModuleName>
      <Classes />
    </Module>
    <Module skippedDueTo="Filter" hash="E2-EA-08-38-2E-4C-BF-36-AA-C9-11-51-54-6A-B1-48-B0-A5-FD-83">
      <ModulePath>C:\Program Files\dotnet\shared\Microsoft.NETCore.App\5.0.1\System.Diagnostics.FileVersionInfo.dll</ModulePath>
      <ModuleTime>2020-11-26T05:23:06Z</ModuleTime>
      <ModuleName>System.Diagnostics.FileVersionInfo</ModuleName>
      <Classes />
    </Module>
    <Module skippedDueTo="Filter" hash="6B-A8-9A-7A-EC-3B-16-3D-9A-91-D2-01-C2-C4-59-F1-AC-4A-83-4E">
      <ModulePath>C:\Program Files\dotnet\shared\Microsoft.NETCore.App\5.0.1\System.ObjectModel.dll</ModulePath>
      <ModuleTime>2020-11-26T05:22:38Z</ModuleTime>
      <ModuleName>System.ObjectModel</ModuleName>
      <Classes />
    </Module>
    <Module skippedDueTo="Filter" hash="9E-8A-E3-82-1B-DC-B9-5E-6E-B3-DB-A2-88-EF-8C-25-74-82-D4-FC">
      <ModulePath>C:\Program Files\dotnet\shared\Microsoft.NETCore.App\5.0.1\System.Private.CoreLib.dll</ModulePath>
      <ModuleTime>2020-11-26T05:19:10Z</ModuleTime>
      <ModuleName>System.Private.CoreLib</ModuleName>
      <Classes />
    </Module>
    <Module skippedDueTo="Filter" hash="3A-84-7F-46-58-21-AE-68-2B-B5-9A-55-DE-BF-48-68-0F-09-F3-14">
      <ModulePath>C:\Program Files\dotnet\shared\Microsoft.NETCore.App\5.0.1\System.Threading.Tasks.Dataflow.dll</ModulePath>
      <ModuleTime>2020-11-26T05:23:50Z</ModuleTime>
      <ModuleName>System.Threading.Tasks.Dataflow</ModuleName>
      <Classes />
    </Module>
    <Module skippedDueTo="MissingPdb" hash="66-75-FA-E5-47-10-60-33-49-14-A3-A2-84-EA-CD-98-61-86-56-C9">
      <ModulePath>C:\Program Files\dotnet\sdk\5.0.101\MSBuild.dll</ModulePath>
      <ModuleTime>2020-12-02T04:50:50Z</ModuleTime>
      <ModuleName>MSBuild</ModuleName>
      <Classes />
    </Module>
    <Module skippedDueTo="Filter" hash="2C-27-F2-9A-19-38-D9-2E-A0-A6-75-F0-5B-49-8C-E5-CB-FA-EE-5D">
      <ModulePath>C:\Program Files\dotnet\shared\Microsoft.NETCore.App\5.0.1\System.Runtime.dll</ModulePath>
      <ModuleTime>2020-11-26T05:22:38Z</ModuleTime>
      <ModuleName>System.Runtime</ModuleName>
      <Classes />
    </Module>
[...]
              <Summary numSequencePoints="1" visitedSequencePoints="1" numBranchPoints="1" visitedBranchPoints="1" sequenceCoverage="100" branchCoverage="100" maxCyclomaticComplexity="1" minCyclomaticComplexity="1" visitedClasses="0" numClasses="0" visitedMethods="1" numMethods="1" />
              <MetadataToken>100663309</MetadataToken>
              <Name>System.Threading.Tasks.Task`1&lt;Domain.Modelos.Watson.AutenticacaoWatson&gt; TreinamentoWatson.Watson.WatsonTokenAccessAgent::&lt;GerarToken&gt;b__5_0()</Name>
              <FileRef uid="70" />
              <SequencePoints>
                <SequencePoint vc="1" uspid="415" ordinal="0" offset="0" sl="52" sc="25" el="59" ec="59" bec="0" bev="0" fileid="70" />
              </SequencePoints>
              <BranchPoints />
              <MethodPoint xsi:type="SequencePoint" vc="1" uspid="415" ordinal="0" offset="0" sl="52" sc="25" el="59" ec="59" bec="0" bev="0" fileid="70" />
            </Method>
          </Methods>
        </Class>
        <Class>
          <Summary numSequencePoints="4" visitedSequencePoints="4" numBranchPoints="1" visitedBranchPoints="1" sequenceCoverage="100" branchCoverage="100" maxCyclomaticComplexity="3" minCyclomaticComplexity="1" visitedClasses="1" numClasses="1" visitedMethods="1" numMethods="1" />
          <FullName>TreinamentoWatson.Watson.WatsonTokenAccessAgent/&lt;GerarToken&gt;d__5</FullName>
          <Methods>
            <Method visited="true" cyclomaticComplexity="1" nPathComplexity="0" sequenceCoverage="0" branchCoverage="0" isConstructor="true" isStatic="false" isGetter="false" isSetter="false">
              <Summary numSequencePoints="0" visitedSequencePoints="0" numBranchPoints="0" visitedBranchPoints="0" sequenceCoverage="0" branchCoverage="0" maxCyclomaticComplexity="1" minCyclomaticComplexity="1" visitedClasses="0" numClasses="0" visitedMethods="0" numMethods="0" />
              <MetadataToken>100663317</MetadataToken>
              <Name>System.Void TreinamentoWatson.Watson.WatsonTokenAccessAgent/&lt;GerarToken&gt;d__5::.ctor()</Name>
              <SequencePoints />
              <BranchPoints />
              <MethodPoint vc="1" uspid="416" ordinal="0" offset="0" />
            </Method>
            <Method visited="true" cyclomaticComplexity="3" nPathComplexity="0" sequenceCoverage="100" branchCoverage="100" isConstructor="false" isStatic="false" isGetter="false" isSetter="false">
              <Summary numSequencePoints="4" visitedSequencePoints="4" numBranchPoints="1" visitedBranchPoints="1" sequenceCoverage="100" branchCoverage="100" maxCyclomaticComplexity="3" minCyclomaticComplexity="3" visitedClasses="0" numClasses="0" visitedMethods="1" numMethods="1" />
              <MetadataToken>100663318</MetadataToken>
              <Name>System.Void TreinamentoWatson.Watson.WatsonTokenAccessAgent/&lt;GerarToken&gt;d__5::MoveNext()</Name>
              <FileRef uid="70" />
              <SequencePoints>
                <SequencePoint vc="1" uspid="417" ordinal="0" offset="14" sl="47" sc="9" el="47" ec="10" bec="0" bev="0" fileid="70" />
                <SequencePoint vc="1" uspid="418" ordinal="1" offset="15" sl="48" sc="13" el="60" ec="15" bec="0" bev="0" fileid="70" />
                <SequencePoint vc="1" uspid="419" ordinal="2" offset="161" sl="62" sc="13" el="62" ec="85" bec="0" bev="0" fileid="70" />
                <SequencePoint vc="1" uspid="420" ordinal="3" offset="229" sl="63" sc="9" el="63" ec="10" bec="0" bev="0" fileid="70" />
              </SequencePoints>
              <BranchPoints />
              <MethodPoint vc="1" uspid="423" ordinal="0" offset="0" />
            </Method>
            <Method visited="false" cyclomaticComplexity="1" nPathComplexity="0" sequenceCoverage="0" branchCoverage="0" isConstructor="false" isStatic="false" isGetter="false" isSetter="false">
              <Summary numSequencePoints="0" visitedSequencePoints="0" numBranchPoints="0" visitedBranchPoints="0" sequenceCoverage="0" branchCoverage="0" maxCyclomaticComplexity="1" minCyclomaticComplexity="1" visitedClasses="0" numClasses="0" visitedMethods="0" numMethods="0" />
              <MetadataToken>100663319</MetadataToken>
              <Name>System.Void TreinamentoWatson.Watson.WatsonTokenAccessAgent/&lt;GerarToken&gt;d__5::SetStateMachine(System.Runtime.CompilerServices.IAsyncStateMachine)</Name>
              <SequencePoints />
              <BranchPoints />
              <MethodPoint vc="0" uspid="424" ordinal="0" offset="0" />
            </Method>
          </Methods>
        </Class>
      </Classes>
    </Module>
    <Module skippedDueTo="MissingPdb" hash="D3-23-FE-49-70-F1-DB-D9-A6-CE-5A-C8-EA-6B-B5-A9-0C-89-0F-80">
      <ModulePath>C:\Users\julia\Desktop\Treinamento\treinamento-watson\TreinamentoWatson\AppService.Test\bin\Debug\netcoreapp3.1\Microsoft.Extensions.Caching.Abstractions.dll</ModulePath>
      <ModuleTime>2020-10-19T21:48:26Z</ModuleTime>
      <ModuleName>Microsoft.Extensions.Caching.Abstractions</ModuleName>
      <Classes />
    </Module>
    <Module hash="A5-B0-E1-96-24-0B-3F-6E-28-C1-3A-56-11-B4-F9-24-A2-E2-D0-A7">
      <Summary numSequencePoints="10" visitedSequencePoints="0" numBranchPoints="7" visitedBranchPoints="0" sequenceCoverage="0" branchCoverage="0" maxCyclomaticComplexity="1" minCyclomaticComplexity="0" visitedClasses="0" numClasses="1" visitedMethods="0" numMethods="7" />
      <ModulePath>C:\Users\julia\Desktop\Treinamento\treinamento-watson\TreinamentoWatson\AppService.Test\bin\Debug\netcoreapp3.1\Shared.Util.dll</ModulePath>
      <ModuleTime>2021-02-03T18:41:56.5135451Z</ModuleTime>
      <ModuleName>Shared.Util</ModuleName>
      <Files>
        <File uid="77" fullPath="C:\Users\julia\Desktop\Treinamento\treinamento-watson\TreinamentoWatson\Shared.Util\ApplicationSettings.cs" />
      </Files>
      <Classes>
        <Class>
          <Summary numSequencePoints="0" visitedSequencePoints="0" numBranchPoints="0" visitedBranchPoints="0" sequenceCoverage="0" branchCoverage="0" maxCyclomaticComplexity="0" minCyclomaticComplexity="0" visitedClasses="0" numClasses="0" visitedMethods="0" numMethods="0" />
          <FullName>&lt;Module&gt;</FullName>
          <Methods />
        </Class>
        <Class>
          <Summary numSequencePoints="10" visitedSequencePoints="0" numBranchPoints="7" visitedBranchPoints="0" sequenceCoverage="0" branchCoverage="0" maxCyclomaticComplexity="1" minCyclomaticComplexity="1" visitedClasses="0" numClasses="1" visitedMethods="0" numMethods="7" />
          <FullName>Shared.Util.ApplicationSettings</FullName>
          <Methods>
            <Method visited="false" cyclomaticComplexity="1" nPathComplexity="0" sequenceCoverage="0" branchCoverage="0" isConstructor="false" isStatic="false" isGetter="true" isSetter="false">
              <Summary numSequencePoints="1" visitedSequencePoints="0" numBranchPoints="1" visitedBranchPoints="0" sequenceCoverage="0" branchCoverage="0" maxCyclomaticComplexity="1" minCyclomaticComplexity="1" visitedClasses="0" numClasses="0" visitedMethods="0" numMethods="1" />
              <MetadataToken>100663298</MetadataToken>
              <Name>System.String Shared.Util.ApplicationSettings::get_UrlBaseWatson()</Name>
              <FileRef uid="77" />
              <SequencePoints>
                <SequencePoint vc="0" uspid="425" ordinal="0" offset="0" sl="17" sc="40" el="17" ec="91" bec="0" bev="0" fileid="77" />
              </SequencePoints>
              <BranchPoints />
              <MethodPoint xsi:type="SequencePoint" vc="0" uspid="425" ordinal="0" offset="0" sl="17" sc="40" el="17" ec="91" bec="0" bev="0" fileid="77" />
            </Method>
            <Method visited="false" cyclomaticComplexity="1" nPathComplexity="0" sequenceCoverage="0" branchCoverage="0" isConstructor="false" isStatic="false" isGetter="true" isSetter="false">
              <Summary numSequencePoints="1" visitedSequencePoints="0" numBranchPoints="1" visitedBranchPoints="0" sequenceCoverage="0" branchCoverage="0" maxCyclomaticComplexity="1" minCyclomaticComplexity="1" visitedClasses="0" numClasses="0" visitedMethods="0" numMethods="1" />
              <MetadataToken>100663299</MetadataToken>
              <Name>System.String Shared.Util.ApplicationSettings::get_ApiKeyWatson()</Name>
              <FileRef uid="77" />
              <SequencePoints>
                <SequencePoint vc="0" uspid="426" ordinal="0" offset="0" sl="18" sc="39" el="18" ec="89" bec="0" bev="0" fileid="77" />
              </SequencePoints>
              <BranchPoints />
              <MethodPoint xsi:type="SequencePoint" vc="0" uspid="426" ordinal="0" offset="0" sl="18" sc="39" el="18" ec="89" bec="0" bev="0" fileid="77" />
            </Method>
            <Method visited="false" cyclomaticComplexity="1" nPathComplexity="0" sequenceCoverage="0" branchCoverage="0" isConstructor="false" isStatic="false" isGetter="true" isSetter="false">
              <Summary numSequencePoints="1" visitedSequencePoints="0" numBranchPoints="1" visitedBranchPoints="0" sequenceCoverage="0" branchCoverage="0" maxCyclomaticComplexity="1" minCyclomaticComplexity="1" visitedClasses="0" numClasses="0" visitedMethods="0" numMethods="1" />
              <MetadataToken>100663300</MetadataToken>
              <Name>System.String Shared.Util.ApplicationSettings::get_UrlApiKeyWatson()</Name>
              <FileRef uid="77" />
              <SequencePoints>
                <SequencePoint vc="0" uspid="427" ordinal="0" offset="0" sl="19" sc="42" el="19" ec="95" bec="0" bev="0" fileid="77" />
              </SequencePoints>
              <BranchPoints />
              <MethodPoint xsi:type="SequencePoint" vc="0" uspid="427" ordinal="0" offset="0" sl="19" sc="42" el="19" ec="95" bec="0" bev="0" fileid="77" />
            </Method>
            <Method visited="false" cyclomaticComplexity="1" nPathComplexity="0" sequenceCoverage="0" branchCoverage="0" isConstructor="false" isStatic="false" isGetter="true" isSetter="false">
              <Summary numSequencePoints="1" visitedSequencePoints="0" numBranchPoints="1" visitedBranchPoints="0" sequenceCoverage="0" branchCoverage="0" maxCyclomaticComplexity="1" minCyclomaticComplexity="1" visitedClasses="0" numClasses="0" visitedMethods="0" numMethods="1" />
              <MetadataToken>100663301</MetadataToken>
              <Name>System.String Shared.Util.ApplicationSettings::get_VersaoAssistant()</Name>
              <FileRef uid="77" />
              <SequencePoints>
                <SequencePoint vc="0" uspid="428" ordinal="0" offset="0" sl="20" sc="42" el="20" ec="95" bec="0" bev="0" fileid="77" />
              </SequencePoints>
              <BranchPoints />
              <MethodPoint xsi:type="SequencePoint" vc="0" uspid="428" ordinal="0" offset="0" sl="20" sc="42" el="20" ec="95" bec="0" bev="0" fileid="77" />
            </Method>
            <Method visited="false" cyclomaticComplexity="1" nPathComplexity="0" sequenceCoverage="0" branchCoverage="0" isConstructor="false" isStatic="false" isGetter="true" isSetter="false">
              <Summary numSequencePoints="1" visitedSequencePoints="0" numBranchPoints="1" visitedBranchPoints="0" sequenceCoverage="0" branchCoverage="0" maxCyclomaticComplexity="1" minCyclomaticComplexity="1" visitedClasses="0" numClasses="0" visitedMethods="0" numMethods="1" />
              <MetadataToken>100663302</MetadataToken>
              <Name>System.String Shared.Util.ApplicationSettings::get_WatsonAssistantId()</Name>
              <FileRef uid="77" />
              <SequencePoints>
                <SequencePoint vc="0" uspid="429" ordinal="0" offset="0" sl="21" sc="44" el="21" ec="99" bec="0" bev="0" fileid="77" />
              </SequencePoints>
              <BranchPoints />
              <MethodPoint xsi:type="SequencePoint" vc="0" uspid="429" ordinal="0" offset="0" sl="21" sc="44" el="21" ec="99" bec="0" bev="0" fileid="77" />
            </Method>
            <Method visited="false" cyclomaticComplexity="1" nPathComplexity="0" sequenceCoverage="0" branchCoverage="0" isConstructor="false" isStatic="false" isGetter="true" isSetter="false">
              <Summary numSequencePoints="1" visitedSequencePoints="0" numBranchPoints="1" visitedBranchPoints="0" sequenceCoverage="0" branchCoverage="0" maxCyclomaticComplexity="1" minCyclomaticComplexity="1" visitedClasses="0" numClasses="0" visitedMethods="0" numMethods="1" />
              <MetadataToken>100663303</MetadataToken>
              <Name>System.String Shared.Util.ApplicationSettings::get_WatsonInstanceId()</Name>
              <FileRef uid="77" />
              <SequencePoints>
                <SequencePoint vc="0" uspid="430" ordinal="0" offset="0" sl="22" sc="43" el="22" ec="97" bec="0" bev="0" fileid="77" />
              </SequencePoints>
              <BranchPoints />
              <MethodPoint xsi:type="SequencePoint" vc="0" uspid="430" ordinal="0" offset="0" sl="22" sc="43" el="22" ec="97" bec="0" bev="0" fileid="77" />
            </Method>
            <Method visited="false" cyclomaticComplexity="1" nPathComplexity="0" sequenceCoverage="0" branchCoverage="0" isConstructor="true" isStatic="false" isGetter="false" isSetter="false">
              <Summary numSequencePoints="4" visitedSequencePoints="0" numBranchPoints="1" visitedBranchPoints="0" sequenceCoverage="0" branchCoverage="0" maxCyclomaticComplexity="1" minCyclomaticComplexity="1" visitedClasses="0" numClasses="0" visitedMethods="0" numMethods="1" />
              <MetadataToken>100663297</MetadataToken>
              <Name>System.Void Shared.Util.ApplicationSettings::.ctor(Microsoft.Extensions.Configuration.IConfiguration)</Name>
              <FileRef uid="77" />
              <SequencePoints>
                <SequencePoint vc="0" uspid="431" ordinal="0" offset="0" sl="10" sc="9" el="10" ec="65" bec="0" bev="0" fileid="77" />
                <SequencePoint vc="0" uspid="432" ordinal="1" offset="7" sl="11" sc="9" el="11" ec="10" bec="0" bev="0" fileid="77" />
                <SequencePoint vc="0" uspid="433" ordinal="2" offset="8" sl="12" sc="13" el="12" ec="78" bec="0" bev="0" fileid="77" />
                <SequencePoint vc="0" uspid="434" ordinal="3" offset="25" sl="13" sc="9" el="13" ec="10" bec="0" bev="0" fileid="77" />
              </SequencePoints>
              <BranchPoints />
              <MethodPoint xsi:type="SequencePoint" vc="0" uspid="431" ordinal="0" offset="0" sl="10" sc="9" el="10" ec="65" bec="0" bev="0" fileid="77" />
            </Method>
          </Methods>
        </Class>
        <Class>
          <Summary numSequencePoints="0" visitedSequencePoints="0" numBranchPoints="0" visitedBranchPoints="0" sequenceCoverage="0" branchCoverage="0" maxCyclomaticComplexity="0" minCyclomaticComplexity="0" visitedClasses="0" numClasses="0" visitedMethods="0" numMethods="0" />
          <FullName>Shared.Util.Constantes.CacheKeys</FullName>
          <Methods />
        </Class>
        <Class>
          <Summary numSequencePoints="0" visitedSequencePoints="0" numBranchPoints="0" visitedBranchPoints="0" sequenceCoverage="0" branchCoverage="0" maxCyclomaticComplexity="0" minCyclomaticComplexity="0" visitedClasses="0" numClasses="0" visitedMethods="0" numMethods="0" />
          <FullName>Shared.Util.Constantes.Rotas</FullName>
          <Methods />
        </Class>
        <Class>
          <Summary numSequencePoints="0" visitedSequencePoints="0" numBranchPoints="0" visitedBranchPoints="0" sequenceCoverage="0" branchCoverage="0" maxCyclomaticComplexity="0" minCyclomaticComplexity="0" visitedClasses="0" numClasses="0" visitedMethods="0" numMethods="0" />
          <FullName>Shared.Util.Constantes.Rotas/WatsonAgent</FullName>
          <Methods />
        </Class>
      </Classes>
    </Module>
    <Module skippedDueTo="MissingPdb" hash="D9-8D-90-36-03-63-E7-42-79-32-B1-BB-B7-A9-74-6C-F4-5F-E0-E9">
      <ModulePath>C:\Users\julia\Desktop\Treinamento\treinamento-watson\TreinamentoWatson\AppService.Test\bin\Debug\netcoreapp3.1\Flurl.Http.dll</ModulePath>
      <ModuleTime>2020-12-14T23:11:12Z</ModuleTime>
      <ModuleName>Flurl.Http</ModuleName>
      <Classes />
    </Module>
    <Module skippedDueTo="MissingPdb" hash="">
      <ModulePath>RefEmit_InMemoryManifestModule</ModulePath>
      <ModuleTime>0001-01-01T00:00:00</ModuleTime>
      <ModuleName>DynamicProxyGenAssembly2</ModuleName>
      <Classes />
    </Module>
    <Module skippedDueTo="Filter" hash="7A-1A-7A-CC-DD-D4-BE-67-B3-47-A6-AB-A4-38-DD-0F-FD-0F-95-0D">
      <ModulePath>C:\Program Files\dotnet\shared\Microsoft.NETCore.App\3.1.10\System.Reflection.Extensions.dll</ModulePath>
      <ModuleTime>2020-10-19T22:22:32Z</ModuleTime>
      <ModuleName>System.Reflection.Extensions</ModuleName>
      <Classes />
    </Module>
    <Module skippedDueTo="Filter" hash="5B-53-CD-25-3B-6B-21-21-CC-2F-1B-73-10-FA-83-03-96-4B-05-65">
      <ModulePath>C:\Program Files\dotnet\shared\Microsoft.NETCore.App\3.1.10\System.Net.Http.dll</ModulePath>
      <ModuleTime>2020-10-19T22:22:40Z</ModuleTime>
      <ModuleName>System.Net.Http</ModuleName>
      <Classes />
    </Module>
    <Module skippedDueTo="Filter" hash="CB-A5-AC-8D-7C-92-30-87-74-B0-EA-66-27-35-52-E8-F8-EF-20-22">
      <ModulePath>C:\Program Files\dotnet\shared\Microsoft.NETCore.App\3.1.10\System.Text.RegularExpressions.dll</ModulePath>
      <ModuleTime>2020-10-19T22:23:08Z</ModuleTime>
      <ModuleName>System.Text.RegularExpressions</ModuleName>
      <Classes />
    </Module>
    <Module skippedDueTo="MissingPdb" hash="E7-62-28-87-40-8A-B1-C9-20-19-90-81-60-46-FA-90-A7-8E-36-8B">
      <ModulePath>C:\Users\julia\Desktop\Treinamento\treinamento-watson\TreinamentoWatson\AppService.Test\bin\Debug\netcoreapp3.1\FluentAssertions.dll</ModulePath>
      <ModuleTime>2020-03-21T15:04:32Z</ModuleTime>
      <ModuleName>FluentAssertions</ModuleName>
      <Classes />
    </Module>
    <Module skippedDueTo="MissingPdb" hash="5A-CC-AC-6A-C4-ED-D8-06-37-AF-10-05-65-A7-2C-71-2E-E7-98-46">
      <ModulePath>C:\Users\julia\Desktop\Treinamento\treinamento-watson\TreinamentoWatson\AppService.Test\bin\Debug\netcoreapp3.1\Polly.dll</ModulePath>
      <ModuleTime>2020-05-02T14:43:40Z</ModuleTime>
      <ModuleName>Polly</ModuleName>
      <Classes />
    </Module>
    <Module skippedDueTo="MissingPdb" hash="2F-99-82-3D-B6-22-48-3E-08-24-DD-21-70-9F-81-5D-29-5C-FC-15">
      <ModulePath>C:\Users\julia\Desktop\Treinamento\treinamento-watson\TreinamentoWatson\AppService.Test\bin\Debug\netcoreapp3.1\Flurl.dll</ModulePath>
      <ModuleTime>2020-12-14T23:11:04Z</ModuleTime>
      <ModuleName>Flurl</ModuleName>
      <Classes />
    </Module>
    <Module skippedDueTo="Filter" hash="F9-B6-AF-5F-90-F0-23-F4-ED-7D-2F-B4-0C-43-DF-C7-11-B8-A7-9C">
      <ModulePath>C:\Program Files\dotnet\shared\Microsoft.NETCore.App\3.1.10\System.Net.Security.dll</ModulePath>
      <ModuleTime>2020-10-19T22:22:56Z</ModuleTime>
      <ModuleName>System.Net.Security</ModuleName>
      <Classes />
    </Module>
    <Module skippedDueTo="Filter" hash="A8-29-86-32-63-C1-C4-80-E5-1F-75-AD-85-4B-33-BB-23-2B-61-19">
      <ModulePath>C:\Program Files\dotnet\shared\Microsoft.NETCore.App\3.1.10\System.Security.Cryptography.X509Certificates.dll</ModulePath>
      <ModuleTime>2020-10-19T22:23:04Z</ModuleTime>
      <ModuleName>System.Security.Cryptography.X509Certificates</ModuleName>
      <Classes />
    </Module>
    <Module skippedDueTo="Filter" hash="33-93-24-B7-CE-F8-5F-8B-39-90-DC-9F-64-13-AA-44-60-A7-57-60">
      <ModulePath>C:\Program Files\dotnet\shared\Microsoft.NETCore.App\3.1.10\System.Security.Cryptography.Primitives.dll</ModulePath>
      <ModuleTime>2020-10-19T22:23:02Z</ModuleTime>
      <ModuleName>System.Security.Cryptography.Primitives</ModuleName>
      <Classes />
    </Module>
  </Modules>
</CoverageSession>